ARM GAS  /tmp/ccIyEMjo.s 			page 1


   1              		.cpu cortex-m3
   2              		.arch armv7-m
   3              		.fpu softvfp
   4              		.eabi_attribute 20, 1
   5              		.eabi_attribute 21, 1
   6              		.eabi_attribute 23, 3
   7              		.eabi_attribute 24, 1
   8              		.eabi_attribute 25, 1
   9              		.eabi_attribute 26, 1
  10              		.eabi_attribute 30, 1
  11              		.eabi_attribute 34, 1
  12              		.eabi_attribute 18, 4
  13              		.file	"gpio_interrupt.c"
  14              		.text
  15              	.Ltext0:
  16              		.cfi_sections	.debug_frame
  17              		.file 1 "Src/Zeugma_c/gpio_interrupt.c"
  18              		.section	.text.ema_filter4,"ax",%progbits
  19              		.align	1
  20              		.global	ema_filter4
  21              		.syntax unified
  22              		.thumb
  23              		.thumb_func
  25              	ema_filter4:
  26              	.LVL0:
  27              	.LFB68:
   1:Src/Zeugma_c/gpio_interrupt.c **** 
   2:Src/Zeugma_c/gpio_interrupt.c **** #include "gpio_interrupt.h"
   3:Src/Zeugma_c/gpio_interrupt.c **** #include "tim.h"
   4:Src/Zeugma_c/gpio_interrupt.c **** #include "rpm.h"
   5:Src/Zeugma_c/gpio_interrupt.c **** #include "old_value_hall.h"
   6:Src/Zeugma_c/gpio_interrupt.c **** #include "steps.h"
   7:Src/Zeugma_c/gpio_interrupt.c **** #include <stdlib.h>
   8:Src/Zeugma_c/gpio_interrupt.c **** #include "main.h"
   9:Src/Zeugma_c/gpio_interrupt.c **** #include <debug_monitor.h>
  10:Src/Zeugma_c/gpio_interrupt.c **** 
  11:Src/Zeugma_c/gpio_interrupt.c **** #define ALPHA_SHIFT_B 4            // α = 1 / 2^ALPHA_SHIFT (örn: 3 → α = 1/8)
  12:Src/Zeugma_c/gpio_interrupt.c **** #define ALPHA_B (1 << ALPHA_SHIFT_B) // 2^ALPHA_SHIFT
  13:Src/Zeugma_c/gpio_interrupt.c **** 
  14:Src/Zeugma_c/gpio_interrupt.c **** uint16_t ema_filter4(uint16_t new_value)
  15:Src/Zeugma_c/gpio_interrupt.c **** {
  28              		.loc 1 15 1 view -0
  29              		.cfi_startproc
  30              		@ args = 0, pretend = 0, frame = 0
  31              		@ frame_needed = 0, uses_anonymous_args = 0
  32              		@ link register save eliminated.
  16:Src/Zeugma_c/gpio_interrupt.c ****   static uint16_t filtered_value4 = 0;
  33              		.loc 1 16 3 view .LVU1
  17:Src/Zeugma_c/gpio_interrupt.c **** 
  18:Src/Zeugma_c/gpio_interrupt.c ****   if (filtered_value4 == 0)
  34              		.loc 1 18 3 view .LVU2
  35              		.loc 1 18 23 is_stmt 0 view .LVU3
  36 0000 064B     		ldr	r3, .L3
  37 0002 1B88     		ldrh	r3, [r3]
  38              		.loc 1 18 6 view .LVU4
  39 0004 0BB9     		cbnz	r3, .L2
  19:Src/Zeugma_c/gpio_interrupt.c ****     filtered_value4 = new_value;
ARM GAS  /tmp/ccIyEMjo.s 			page 2


  40              		.loc 1 19 5 is_stmt 1 view .LVU5
  41              		.loc 1 19 21 is_stmt 0 view .LVU6
  42 0006 054B     		ldr	r3, .L3
  43 0008 1880     		strh	r0, [r3]	@ movhi
  44              	.L2:
  20:Src/Zeugma_c/gpio_interrupt.c **** 
  21:Src/Zeugma_c/gpio_interrupt.c ****   filtered_value4 = filtered_value4 + ((new_value - filtered_value4) >> ALPHA_SHIFT_B);
  45              		.loc 1 21 3 is_stmt 1 view .LVU7
  46              		.loc 1 21 51 is_stmt 0 view .LVU8
  47 000a 044A     		ldr	r2, .L3
  48 000c 1388     		ldrh	r3, [r2]
  49 000e C01A     		subs	r0, r0, r3
  50              	.LVL1:
  51              		.loc 1 21 37 view .LVU9
  52 0010 03EB2010 		add	r0, r3, r0, asr #4
  53 0014 80B2     		uxth	r0, r0
  54              		.loc 1 21 19 view .LVU10
  55 0016 1080     		strh	r0, [r2]	@ movhi
  22:Src/Zeugma_c/gpio_interrupt.c **** 
  23:Src/Zeugma_c/gpio_interrupt.c ****   return filtered_value4;
  56              		.loc 1 23 3 is_stmt 1 view .LVU11
  24:Src/Zeugma_c/gpio_interrupt.c **** }
  57              		.loc 1 24 1 is_stmt 0 view .LVU12
  58 0018 7047     		bx	lr
  59              	.L4:
  60 001a 00BF     		.align	2
  61              	.L3:
  62 001c 00000000 		.word	filtered_value4.0
  63              		.cfi_endproc
  64              	.LFE68:
  66              		.section	.text.HAL_GPIO_EXTI_Callback,"ax",%progbits
  67              		.align	1
  68              		.global	HAL_GPIO_EXTI_Callback
  69              		.syntax unified
  70              		.thumb
  71              		.thumb_func
  73              	HAL_GPIO_EXTI_Callback:
  74              	.LVL2:
  75              	.LFB69:
  25:Src/Zeugma_c/gpio_interrupt.c **** 
  26:Src/Zeugma_c/gpio_interrupt.c **** void HAL_GPIO_EXTI_Callback(uint16_t GPIO_Pin)
  27:Src/Zeugma_c/gpio_interrupt.c **** {
  76              		.loc 1 27 1 is_stmt 1 view -0
  77              		.cfi_startproc
  78              		@ args = 0, pretend = 0, frame = 0
  79              		@ frame_needed = 0, uses_anonymous_args = 0
  80              		.loc 1 27 1 is_stmt 0 view .LVU14
  81 0000 10B5     		push	{r4, lr}
  82              		.cfi_def_cfa_offset 8
  83              		.cfi_offset 4, -8
  84              		.cfi_offset 14, -4
  28:Src/Zeugma_c/gpio_interrupt.c **** 
  29:Src/Zeugma_c/gpio_interrupt.c ****   hall_A = HAL_GPIO_ReadPin(GPIOA, GPIO_PIN_0);
  85              		.loc 1 29 3 is_stmt 1 view .LVU15
  86              		.loc 1 29 12 is_stmt 0 view .LVU16
  87 0002 474C     		ldr	r4, .L16
  88 0004 0121     		movs	r1, #1
ARM GAS  /tmp/ccIyEMjo.s 			page 3


  89 0006 2046     		mov	r0, r4
  90              	.LVL3:
  91              		.loc 1 29 12 view .LVU17
  92 0008 FFF7FEFF 		bl	HAL_GPIO_ReadPin
  93              	.LVL4:
  94              		.loc 1 29 12 discriminator 1 view .LVU18
  95 000c 0038     		subs	r0, r0, #0
  96 000e 18BF     		it	ne
  97 0010 0120     		movne	r0, #1
  98              		.loc 1 29 10 discriminator 1 view .LVU19
  99 0012 444B     		ldr	r3, .L16+4
 100 0014 1870     		strb	r0, [r3]
  30:Src/Zeugma_c/gpio_interrupt.c ****   hall_B = HAL_GPIO_ReadPin(GPIOA, GPIO_PIN_1);
 101              		.loc 1 30 3 is_stmt 1 view .LVU20
 102              		.loc 1 30 12 is_stmt 0 view .LVU21
 103 0016 0221     		movs	r1, #2
 104 0018 2046     		mov	r0, r4
 105 001a FFF7FEFF 		bl	HAL_GPIO_ReadPin
 106              	.LVL5:
 107              		.loc 1 30 12 discriminator 1 view .LVU22
 108 001e 0038     		subs	r0, r0, #0
 109 0020 18BF     		it	ne
 110 0022 0120     		movne	r0, #1
 111              		.loc 1 30 10 discriminator 1 view .LVU23
 112 0024 404B     		ldr	r3, .L16+8
 113 0026 1870     		strb	r0, [r3]
  31:Src/Zeugma_c/gpio_interrupt.c ****   hall_C = HAL_GPIO_ReadPin(GPIOA, GPIO_PIN_2);
 114              		.loc 1 31 3 is_stmt 1 view .LVU24
 115              		.loc 1 31 12 is_stmt 0 view .LVU25
 116 0028 0421     		movs	r1, #4
 117 002a 2046     		mov	r0, r4
 118 002c FFF7FEFF 		bl	HAL_GPIO_ReadPin
 119              	.LVL6:
 120              		.loc 1 31 12 discriminator 1 view .LVU26
 121 0030 0038     		subs	r0, r0, #0
 122 0032 18BF     		it	ne
 123 0034 0120     		movne	r0, #1
 124              		.loc 1 31 10 discriminator 1 view .LVU27
 125 0036 3D4B     		ldr	r3, .L16+12
 126 0038 1870     		strb	r0, [r3]
  32:Src/Zeugma_c/gpio_interrupt.c ****   first_step_flag = 1;
 127              		.loc 1 32 3 is_stmt 1 view .LVU28
 128              		.loc 1 32 19 is_stmt 0 view .LVU29
 129 003a 3D4B     		ldr	r3, .L16+16
 130 003c 0122     		movs	r2, #1
 131 003e 1A70     		strb	r2, [r3]
  33:Src/Zeugma_c/gpio_interrupt.c ****   // if (hall_A != oncekiDegerler[0] || hall_B != oncekiDegerler[1] || hall_C != oncekiDegerler[2])
  34:Src/Zeugma_c/gpio_interrupt.c ****   // {
  35:Src/Zeugma_c/gpio_interrupt.c ****   // rpm_counter++;
  36:Src/Zeugma_c/gpio_interrupt.c ****   difference_two_coummutation_time = __HAL_TIM_GET_COUNTER(&htim2);
 132              		.loc 1 36 3 is_stmt 1 view .LVU30
 133              		.loc 1 36 38 is_stmt 0 view .LVU31
 134 0040 3C4B     		ldr	r3, .L16+20
 135 0042 1B68     		ldr	r3, [r3]
 136 0044 5B6A     		ldr	r3, [r3, #36]
 137              		.loc 1 36 36 view .LVU32
 138 0046 9BB2     		uxth	r3, r3
ARM GAS  /tmp/ccIyEMjo.s 			page 4


 139 0048 3B4C     		ldr	r4, .L16+24
 140 004a 2380     		strh	r3, [r4]	@ movhi
  37:Src/Zeugma_c/gpio_interrupt.c ****   difference_two_coummutation_time_filtered = ema_filter4(difference_two_coummutation_time);
 141              		.loc 1 37 3 is_stmt 1 view .LVU33
 142              		.loc 1 37 47 is_stmt 0 view .LVU34
 143 004c 2088     		ldrh	r0, [r4]
 144 004e 80B2     		uxth	r0, r0
 145 0050 FFF7FEFF 		bl	ema_filter4
 146              	.LVL7:
 147              		.loc 1 37 45 discriminator 1 view .LVU35
 148 0054 394B     		ldr	r3, .L16+28
 149 0056 1880     		strh	r0, [r3]	@ movhi
  38:Src/Zeugma_c/gpio_interrupt.c **** 
  39:Src/Zeugma_c/gpio_interrupt.c ****   rpm = get_rpm(difference_two_coummutation_time);
 150              		.loc 1 39 3 is_stmt 1 view .LVU36
 151              		.loc 1 39 9 is_stmt 0 view .LVU37
 152 0058 2088     		ldrh	r0, [r4]
 153 005a 80B2     		uxth	r0, r0
 154 005c FFF7FEFF 		bl	get_rpm
 155              	.LVL8:
 156              		.loc 1 39 7 discriminator 1 view .LVU38
 157 0060 374B     		ldr	r3, .L16+32
 158 0062 1860     		str	r0, [r3]
  40:Src/Zeugma_c/gpio_interrupt.c **** 
  41:Src/Zeugma_c/gpio_interrupt.c ****   for (int i = 0; i < 30; i++)
 159              		.loc 1 41 3 is_stmt 1 view .LVU39
 160              	.LBB2:
 161              		.loc 1 41 8 view .LVU40
 162              	.LVL9:
 163              		.loc 1 41 12 is_stmt 0 view .LVU41
 164 0064 0023     		movs	r3, #0
 165              		.loc 1 41 3 view .LVU42
 166 0066 00E0     		b	.L6
 167              	.LVL10:
 168              	.L7:
 169              		.loc 1 41 28 is_stmt 1 discriminator 2 view .LVU43
 170 0068 0133     		adds	r3, r3, #1
 171              	.LVL11:
 172              	.L6:
 173              		.loc 1 41 21 discriminator 1 view .LVU44
 174 006a 1D2B     		cmp	r3, #29
 175 006c 13DC     		bgt	.L8
  42:Src/Zeugma_c/gpio_interrupt.c ****   {
  43:Src/Zeugma_c/gpio_interrupt.c ****     if (rpm > (i * 100) && rpm <= ((i + 1) * 100))
 176              		.loc 1 43 5 view .LVU45
 177              		.loc 1 43 18 is_stmt 0 view .LVU46
 178 006e 6422     		movs	r2, #100
 179 0070 03FB02F2 		mul	r2, r3, r2
 180              		.loc 1 43 13 view .LVU47
 181 0074 3249     		ldr	r1, .L16+32
 182 0076 0968     		ldr	r1, [r1]
 183              		.loc 1 43 8 view .LVU48
 184 0078 8A42     		cmp	r2, r1
 185 007a F5D2     		bcs	.L7
 186              		.loc 1 43 44 discriminator 1 view .LVU49
 187 007c 6422     		movs	r2, #100
 188 007e 03FB0222 		mla	r2, r3, r2, r2
ARM GAS  /tmp/ccIyEMjo.s 			page 5


 189              		.loc 1 43 32 discriminator 1 view .LVU50
 190 0082 2F49     		ldr	r1, .L16+32
 191 0084 0968     		ldr	r1, [r1]
 192              		.loc 1 43 25 discriminator 1 view .LVU51
 193 0086 8A42     		cmp	r2, r1
 194 0088 EED3     		bcc	.L7
  44:Src/Zeugma_c/gpio_interrupt.c ****     {
  45:Src/Zeugma_c/gpio_interrupt.c ****       saved_pwm_rpm[i] = pwm_value;
 195              		.loc 1 45 7 is_stmt 1 view .LVU52
 196              		.loc 1 45 24 is_stmt 0 view .LVU53
 197 008a 2E4A     		ldr	r2, .L16+36
 198 008c 1268     		ldr	r2, [r2]
 199 008e 92B2     		uxth	r2, r2
 200 0090 2D49     		ldr	r1, .L16+40
 201 0092 21F81320 		strh	r2, [r1, r3, lsl #1]	@ movhi
  46:Src/Zeugma_c/gpio_interrupt.c ****       break;
 202              		.loc 1 46 7 is_stmt 1 view .LVU54
 203              	.L8:
 204              	.LBE2:
  47:Src/Zeugma_c/gpio_interrupt.c ****     }
  48:Src/Zeugma_c/gpio_interrupt.c ****   }
  49:Src/Zeugma_c/gpio_interrupt.c **** 
  50:Src/Zeugma_c/gpio_interrupt.c ****   __HAL_TIM_SET_COUNTER(&htim2, 0);
 205              		.loc 1 50 3 view .LVU55
 206 0096 274B     		ldr	r3, .L16+20
 207              	.LVL12:
 208              		.loc 1 50 3 is_stmt 0 view .LVU56
 209 0098 1B68     		ldr	r3, [r3]
 210 009a 0022     		movs	r2, #0
 211 009c 5A62     		str	r2, [r3, #36]
  51:Src/Zeugma_c/gpio_interrupt.c ****   // }
  52:Src/Zeugma_c/gpio_interrupt.c **** 
  53:Src/Zeugma_c/gpio_interrupt.c ****   if (run_status)
 212              		.loc 1 53 3 is_stmt 1 view .LVU57
 213              		.loc 1 53 7 is_stmt 0 view .LVU58
 214 009e 2B4B     		ldr	r3, .L16+44
 215 00a0 1B78     		ldrb	r3, [r3]	@ zero_extendqisi2
 216              		.loc 1 53 6 view .LVU59
 217 00a2 A3B1     		cbz	r3, .L10
  54:Src/Zeugma_c/gpio_interrupt.c ****   {
  55:Src/Zeugma_c/gpio_interrupt.c ****     if ((hall_A == hall_C) && (hall_A == hall_B))
 218              		.loc 1 55 5 is_stmt 1 view .LVU60
 219              		.loc 1 55 17 is_stmt 0 view .LVU61
 220 00a4 1F4B     		ldr	r3, .L16+4
 221 00a6 1A78     		ldrb	r2, [r3]	@ zero_extendqisi2
 222 00a8 D2B2     		uxtb	r2, r2
 223 00aa 204B     		ldr	r3, .L16+12
 224 00ac 1B78     		ldrb	r3, [r3]	@ zero_extendqisi2
 225 00ae DBB2     		uxtb	r3, r3
 226              		.loc 1 55 8 view .LVU62
 227 00b0 9A42     		cmp	r2, r3
 228 00b2 10D0     		beq	.L14
 229              	.L11:
  56:Src/Zeugma_c/gpio_interrupt.c ****     {
  57:Src/Zeugma_c/gpio_interrupt.c ****       hall_A = oncekiDegerler[0];
  58:Src/Zeugma_c/gpio_interrupt.c ****       hall_B = oncekiDegerler[1];
  59:Src/Zeugma_c/gpio_interrupt.c ****       hall_C = oncekiDegerler[2];
ARM GAS  /tmp/ccIyEMjo.s 			page 6


  60:Src/Zeugma_c/gpio_interrupt.c ****     }
  61:Src/Zeugma_c/gpio_interrupt.c ****     else
  62:Src/Zeugma_c/gpio_interrupt.c ****     {
  63:Src/Zeugma_c/gpio_interrupt.c ****       oncekiDegerler[0] = hall_A;
 230              		.loc 1 63 7 is_stmt 1 view .LVU63
 231              		.loc 1 63 25 is_stmt 0 view .LVU64
 232 00b4 1B4B     		ldr	r3, .L16+4
 233 00b6 1A78     		ldrb	r2, [r3]	@ zero_extendqisi2
 234 00b8 D2B2     		uxtb	r2, r2
 235 00ba 254B     		ldr	r3, .L16+48
 236 00bc 1A70     		strb	r2, [r3]
  64:Src/Zeugma_c/gpio_interrupt.c ****       oncekiDegerler[1] = hall_B;
 237              		.loc 1 64 7 is_stmt 1 view .LVU65
 238              		.loc 1 64 25 is_stmt 0 view .LVU66
 239 00be 1A4A     		ldr	r2, .L16+8
 240 00c0 1278     		ldrb	r2, [r2]	@ zero_extendqisi2
 241 00c2 D2B2     		uxtb	r2, r2
 242 00c4 5A70     		strb	r2, [r3, #1]
  65:Src/Zeugma_c/gpio_interrupt.c ****       oncekiDegerler[2] = hall_C;
 243              		.loc 1 65 7 is_stmt 1 view .LVU67
 244              		.loc 1 65 25 is_stmt 0 view .LVU68
 245 00c6 194A     		ldr	r2, .L16+12
 246 00c8 1278     		ldrb	r2, [r2]	@ zero_extendqisi2
 247 00ca D2B2     		uxtb	r2, r2
 248 00cc 9A70     		strb	r2, [r3, #2]
 249              	.L10:
  66:Src/Zeugma_c/gpio_interrupt.c ****     }
  67:Src/Zeugma_c/gpio_interrupt.c ****   }
  68:Src/Zeugma_c/gpio_interrupt.c ****   // sample_phase_data(rpm, (uint16_t)phase_A, (uint16_t)phase_B, (uint16_t)phase_C);
  69:Src/Zeugma_c/gpio_interrupt.c ****   if (!backEMF_mode)
 250              		.loc 1 69 3 is_stmt 1 view .LVU69
 251              		.loc 1 69 7 is_stmt 0 view .LVU70
 252 00ce 214B     		ldr	r3, .L16+52
 253 00d0 1B78     		ldrb	r3, [r3]	@ zero_extendqisi2
 254              		.loc 1 69 6 view .LVU71
 255 00d2 E3B1     		cbz	r3, .L15
 256              	.L5:
  70:Src/Zeugma_c/gpio_interrupt.c ****   {
  71:Src/Zeugma_c/gpio_interrupt.c ****     set_old_value();
  72:Src/Zeugma_c/gpio_interrupt.c ****     execute_step(step);
  73:Src/Zeugma_c/gpio_interrupt.c ****   }
  74:Src/Zeugma_c/gpio_interrupt.c ****   // analyze_step_counter++;
  75:Src/Zeugma_c/gpio_interrupt.c **** }
 257              		.loc 1 75 1 view .LVU72
 258 00d4 10BD     		pop	{r4, pc}
 259              	.L14:
  55:Src/Zeugma_c/gpio_interrupt.c ****     {
 260              		.loc 1 55 39 discriminator 1 view .LVU73
 261 00d6 134B     		ldr	r3, .L16+4
 262 00d8 1A78     		ldrb	r2, [r3]	@ zero_extendqisi2
 263 00da D2B2     		uxtb	r2, r2
 264 00dc 124B     		ldr	r3, .L16+8
 265 00de 1B78     		ldrb	r3, [r3]	@ zero_extendqisi2
 266 00e0 DBB2     		uxtb	r3, r3
  55:Src/Zeugma_c/gpio_interrupt.c ****     {
 267              		.loc 1 55 28 discriminator 1 view .LVU74
 268 00e2 9A42     		cmp	r2, r3
ARM GAS  /tmp/ccIyEMjo.s 			page 7


 269 00e4 E6D1     		bne	.L11
  57:Src/Zeugma_c/gpio_interrupt.c ****       hall_B = oncekiDegerler[1];
 270              		.loc 1 57 7 is_stmt 1 view .LVU75
  57:Src/Zeugma_c/gpio_interrupt.c ****       hall_B = oncekiDegerler[1];
 271              		.loc 1 57 30 is_stmt 0 view .LVU76
 272 00e6 1A4B     		ldr	r3, .L16+48
 273 00e8 1A78     		ldrb	r2, [r3]	@ zero_extendqisi2
 274 00ea 003A     		subs	r2, r2, #0
 275 00ec 18BF     		it	ne
 276 00ee 0122     		movne	r2, #1
  57:Src/Zeugma_c/gpio_interrupt.c ****       hall_B = oncekiDegerler[1];
 277              		.loc 1 57 14 view .LVU77
 278 00f0 0C49     		ldr	r1, .L16+4
 279 00f2 0A70     		strb	r2, [r1]
  58:Src/Zeugma_c/gpio_interrupt.c ****       hall_C = oncekiDegerler[2];
 280              		.loc 1 58 7 is_stmt 1 view .LVU78
  58:Src/Zeugma_c/gpio_interrupt.c ****       hall_C = oncekiDegerler[2];
 281              		.loc 1 58 30 is_stmt 0 view .LVU79
 282 00f4 5A78     		ldrb	r2, [r3, #1]	@ zero_extendqisi2
 283 00f6 003A     		subs	r2, r2, #0
 284 00f8 18BF     		it	ne
 285 00fa 0122     		movne	r2, #1
  58:Src/Zeugma_c/gpio_interrupt.c ****       hall_C = oncekiDegerler[2];
 286              		.loc 1 58 14 view .LVU80
 287 00fc 0A49     		ldr	r1, .L16+8
 288 00fe 0A70     		strb	r2, [r1]
  59:Src/Zeugma_c/gpio_interrupt.c ****     }
 289              		.loc 1 59 7 is_stmt 1 view .LVU81
  59:Src/Zeugma_c/gpio_interrupt.c ****     }
 290              		.loc 1 59 30 is_stmt 0 view .LVU82
 291 0100 9B78     		ldrb	r3, [r3, #2]	@ zero_extendqisi2
 292 0102 003B     		subs	r3, r3, #0
 293 0104 18BF     		it	ne
 294 0106 0123     		movne	r3, #1
  59:Src/Zeugma_c/gpio_interrupt.c ****     }
 295              		.loc 1 59 14 view .LVU83
 296 0108 084A     		ldr	r2, .L16+12
 297 010a 1370     		strb	r3, [r2]
 298 010c DFE7     		b	.L10
 299              	.L15:
  71:Src/Zeugma_c/gpio_interrupt.c ****     execute_step(step);
 300              		.loc 1 71 5 is_stmt 1 view .LVU84
 301 010e FFF7FEFF 		bl	set_old_value
 302              	.LVL13:
  72:Src/Zeugma_c/gpio_interrupt.c ****   }
 303              		.loc 1 72 5 view .LVU85
 304 0112 114B     		ldr	r3, .L16+56
 305 0114 1868     		ldr	r0, [r3]
 306 0116 C0B2     		uxtb	r0, r0
 307 0118 FFF7FEFF 		bl	execute_step
 308              	.LVL14:
 309              		.loc 1 75 1 is_stmt 0 view .LVU86
 310 011c DAE7     		b	.L5
 311              	.L17:
 312 011e 00BF     		.align	2
 313              	.L16:
 314 0120 00080140 		.word	1073809408
ARM GAS  /tmp/ccIyEMjo.s 			page 8


 315 0124 00000000 		.word	hall_A
 316 0128 00000000 		.word	hall_B
 317 012c 00000000 		.word	hall_C
 318 0130 00000000 		.word	first_step_flag
 319 0134 00000000 		.word	htim2
 320 0138 00000000 		.word	difference_two_coummutation_time
 321 013c 00000000 		.word	difference_two_coummutation_time_filtered
 322 0140 00000000 		.word	rpm
 323 0144 00000000 		.word	pwm_value
 324 0148 00000000 		.word	saved_pwm_rpm
 325 014c 00000000 		.word	run_status
 326 0150 00000000 		.word	oncekiDegerler
 327 0154 00000000 		.word	backEMF_mode
 328 0158 00000000 		.word	step
 329              		.cfi_endproc
 330              	.LFE69:
 332              		.section	.bss.filtered_value4.0,"aw",%nobits
 333              		.align	1
 336              	filtered_value4.0:
 337 0000 0000     		.space	2
 338              		.text
 339              	.Letext0:
 340              		.file 2 "/usr/lib/gcc/arm-none-eabi/13.3.1/include/stdint.h"
 341              		.file 3 "Drivers/CMSIS/Device/ST/STM32F1xx/Include/stm32f103xb.h"
 342              		.file 4 "Drivers/STM32F1xx_HAL_Driver/Inc/stm32f1xx_hal_def.h"
 343              		.file 5 "Drivers/STM32F1xx_HAL_Driver/Inc/stm32f1xx_hal_gpio.h"
 344              		.file 6 "Drivers/STM32F1xx_HAL_Driver/Inc/stm32f1xx_hal_dma.h"
 345              		.file 7 "Drivers/STM32F1xx_HAL_Driver/Inc/stm32f1xx_hal_tim.h"
 346              		.file 8 "Inc/main.h"
 347              		.file 9 "Inc/tim.h"
 348              		.file 10 "Inc/Zeugma_h/rpm.h"
 349              		.file 11 "Inc/Zeugma_h/steps.h"
 350              		.file 12 "Inc/Zeugma_h/old_value_hall.h"
ARM GAS  /tmp/ccIyEMjo.s 			page 9


DEFINED SYMBOLS
                            *ABS*:00000000 gpio_interrupt.c
     /tmp/ccIyEMjo.s:19     .text.ema_filter4:00000000 $t
     /tmp/ccIyEMjo.s:25     .text.ema_filter4:00000000 ema_filter4
     /tmp/ccIyEMjo.s:62     .text.ema_filter4:0000001c $d
     /tmp/ccIyEMjo.s:336    .bss.filtered_value4.0:00000000 filtered_value4.0
     /tmp/ccIyEMjo.s:67     .text.HAL_GPIO_EXTI_Callback:00000000 $t
     /tmp/ccIyEMjo.s:73     .text.HAL_GPIO_EXTI_Callback:00000000 HAL_GPIO_EXTI_Callback
     /tmp/ccIyEMjo.s:314    .text.HAL_GPIO_EXTI_Callback:00000120 $d
     /tmp/ccIyEMjo.s:333    .bss.filtered_value4.0:00000000 $d

UNDEFINED SYMBOLS
HAL_GPIO_ReadPin
get_rpm
set_old_value
execute_step
hall_A
hall_B
hall_C
first_step_flag
htim2
difference_two_coummutation_time
difference_two_coummutation_time_filtered
rpm
pwm_value
saved_pwm_rpm
run_status
oncekiDegerler
backEMF_mode
step
