ARM GAS  /tmp/ccLOXol2.s 			page 1


   1              		.cpu cortex-m3
   2              		.arch armv7-m
   3              		.fpu softvfp
   4              		.eabi_attribute 20, 1
   5              		.eabi_attribute 21, 1
   6              		.eabi_attribute 23, 3
   7              		.eabi_attribute 24, 1
   8              		.eabi_attribute 25, 1
   9              		.eabi_attribute 26, 1
  10              		.eabi_attribute 30, 1
  11              		.eabi_attribute 34, 1
  12              		.eabi_attribute 18, 4
  13              		.file	"usb_device.c"
  14              		.text
  15              	.Ltext0:
  16              		.cfi_sections	.debug_frame
  17              		.file 1 "Src/usb_device.c"
  18              		.section	.text.MX_USB_DEVICE_Init,"ax",%progbits
  19              		.align	1
  20              		.global	MX_USB_DEVICE_Init
  21              		.syntax unified
  22              		.thumb
  23              		.thumb_func
  25              	MX_USB_DEVICE_Init:
  26              	.LFB68:
   1:Src/usb_device.c **** /* USER CODE BEGIN Header */
   2:Src/usb_device.c **** /**
   3:Src/usb_device.c ****   ******************************************************************************
   4:Src/usb_device.c ****   * @file           : usb_device.c
   5:Src/usb_device.c ****   * @version        : v2.0_Cube
   6:Src/usb_device.c ****   * @brief          : This file implements the USB Device
   7:Src/usb_device.c ****   ******************************************************************************
   8:Src/usb_device.c ****   * @attention
   9:Src/usb_device.c ****   *
  10:Src/usb_device.c ****   * Copyright (c) 2024 STMicroelectronics.
  11:Src/usb_device.c ****   * All rights reserved.
  12:Src/usb_device.c ****   *
  13:Src/usb_device.c ****   * This software is licensed under terms that can be found in the LICENSE file
  14:Src/usb_device.c ****   * in the root directory of this software component.
  15:Src/usb_device.c ****   * If no LICENSE file comes with this software, it is provided AS-IS.
  16:Src/usb_device.c ****   *
  17:Src/usb_device.c ****   ******************************************************************************
  18:Src/usb_device.c ****   */
  19:Src/usb_device.c **** /* USER CODE END Header */
  20:Src/usb_device.c **** 
  21:Src/usb_device.c **** /* Includes ------------------------------------------------------------------*/
  22:Src/usb_device.c **** 
  23:Src/usb_device.c **** #include "usb_device.h"
  24:Src/usb_device.c **** #include "usbd_core.h"
  25:Src/usb_device.c **** #include "usbd_desc.h"
  26:Src/usb_device.c **** #include "usbd_cdc.h"
  27:Src/usb_device.c **** #include "usbd_cdc_if.h"
  28:Src/usb_device.c **** 
  29:Src/usb_device.c **** /* USER CODE BEGIN Includes */
  30:Src/usb_device.c **** 
  31:Src/usb_device.c **** /* USER CODE END Includes */
  32:Src/usb_device.c **** 
ARM GAS  /tmp/ccLOXol2.s 			page 2


  33:Src/usb_device.c **** /* USER CODE BEGIN PV */
  34:Src/usb_device.c **** /* Private variables ---------------------------------------------------------*/
  35:Src/usb_device.c **** 
  36:Src/usb_device.c **** /* USER CODE END PV */
  37:Src/usb_device.c **** 
  38:Src/usb_device.c **** /* USER CODE BEGIN PFP */
  39:Src/usb_device.c **** /* Private function prototypes -----------------------------------------------*/
  40:Src/usb_device.c **** 
  41:Src/usb_device.c **** /* USER CODE END PFP */
  42:Src/usb_device.c **** 
  43:Src/usb_device.c **** /* USB Device Core handle declaration. */
  44:Src/usb_device.c **** USBD_HandleTypeDef hUsbDeviceFS;
  45:Src/usb_device.c **** 
  46:Src/usb_device.c **** /*
  47:Src/usb_device.c ****  * -- Insert your variables declaration here --
  48:Src/usb_device.c ****  */
  49:Src/usb_device.c **** /* USER CODE BEGIN 0 */
  50:Src/usb_device.c **** 
  51:Src/usb_device.c **** /* USER CODE END 0 */
  52:Src/usb_device.c **** 
  53:Src/usb_device.c **** /*
  54:Src/usb_device.c ****  * -- Insert your external function declaration here --
  55:Src/usb_device.c ****  */
  56:Src/usb_device.c **** /* USER CODE BEGIN 1 */
  57:Src/usb_device.c **** 
  58:Src/usb_device.c **** /* USER CODE END 1 */
  59:Src/usb_device.c **** 
  60:Src/usb_device.c **** /**
  61:Src/usb_device.c ****   * Init USB device Library, add supported class and start the library
  62:Src/usb_device.c ****   * @retval None
  63:Src/usb_device.c ****   */
  64:Src/usb_device.c **** void MX_USB_DEVICE_Init(void)
  65:Src/usb_device.c **** {
  27              		.loc 1 65 1 view -0
  28              		.cfi_startproc
  29              		@ args = 0, pretend = 0, frame = 0
  30              		@ frame_needed = 0, uses_anonymous_args = 0
  31 0000 08B5     		push	{r3, lr}
  32              		.cfi_def_cfa_offset 8
  33              		.cfi_offset 3, -8
  34              		.cfi_offset 14, -4
  66:Src/usb_device.c ****   /* USER CODE BEGIN USB_DEVICE_Init_PreTreatment */
  67:Src/usb_device.c **** 
  68:Src/usb_device.c ****   /* USER CODE END USB_DEVICE_Init_PreTreatment */
  69:Src/usb_device.c **** 
  70:Src/usb_device.c ****   /* Init Device Library, add supported class and start the library. */
  71:Src/usb_device.c ****   if (USBD_Init(&hUsbDeviceFS, &FS_Desc, DEVICE_FS) != USBD_OK)
  35              		.loc 1 71 3 view .LVU1
  36              		.loc 1 71 7 is_stmt 0 view .LVU2
  37 0002 0022     		movs	r2, #0
  38 0004 0F49     		ldr	r1, .L11
  39 0006 1048     		ldr	r0, .L11+4
  40 0008 FFF7FEFF 		bl	USBD_Init
  41              	.LVL0:
  42              		.loc 1 71 6 discriminator 1 view .LVU3
  43 000c 70B9     		cbnz	r0, .L7
  44              	.L2:
ARM GAS  /tmp/ccLOXol2.s 			page 3


  72:Src/usb_device.c ****   {
  73:Src/usb_device.c ****     Error_Handler();
  74:Src/usb_device.c ****   }
  75:Src/usb_device.c ****   if (USBD_RegisterClass(&hUsbDeviceFS, &USBD_CDC) != USBD_OK)
  45              		.loc 1 75 3 is_stmt 1 view .LVU4
  46              		.loc 1 75 7 is_stmt 0 view .LVU5
  47 000e 0F49     		ldr	r1, .L11+8
  48 0010 0D48     		ldr	r0, .L11+4
  49 0012 FFF7FEFF 		bl	USBD_RegisterClass
  50              	.LVL1:
  51              		.loc 1 75 6 discriminator 1 view .LVU6
  52 0016 60B9     		cbnz	r0, .L8
  53              	.L3:
  76:Src/usb_device.c ****   {
  77:Src/usb_device.c ****     Error_Handler();
  78:Src/usb_device.c ****   }
  79:Src/usb_device.c ****   if (USBD_CDC_RegisterInterface(&hUsbDeviceFS, &USBD_Interface_fops_FS) != USBD_OK)
  54              		.loc 1 79 3 is_stmt 1 view .LVU7
  55              		.loc 1 79 7 is_stmt 0 view .LVU8
  56 0018 0D49     		ldr	r1, .L11+12
  57 001a 0B48     		ldr	r0, .L11+4
  58 001c FFF7FEFF 		bl	USBD_CDC_RegisterInterface
  59              	.LVL2:
  60              		.loc 1 79 6 discriminator 1 view .LVU9
  61 0020 50B9     		cbnz	r0, .L9
  62              	.L4:
  80:Src/usb_device.c ****   {
  81:Src/usb_device.c ****     Error_Handler();
  82:Src/usb_device.c ****   }
  83:Src/usb_device.c ****   if (USBD_Start(&hUsbDeviceFS) != USBD_OK)
  63              		.loc 1 83 3 is_stmt 1 view .LVU10
  64              		.loc 1 83 7 is_stmt 0 view .LVU11
  65 0022 0948     		ldr	r0, .L11+4
  66 0024 FFF7FEFF 		bl	USBD_Start
  67              	.LVL3:
  68              		.loc 1 83 6 discriminator 1 view .LVU12
  69 0028 48B9     		cbnz	r0, .L10
  70              	.L1:
  84:Src/usb_device.c ****   {
  85:Src/usb_device.c ****     Error_Handler();
  86:Src/usb_device.c ****   }
  87:Src/usb_device.c **** 
  88:Src/usb_device.c ****   /* USER CODE BEGIN USB_DEVICE_Init_PostTreatment */
  89:Src/usb_device.c **** 
  90:Src/usb_device.c ****   /* USER CODE END USB_DEVICE_Init_PostTreatment */
  91:Src/usb_device.c **** }
  71              		.loc 1 91 1 view .LVU13
  72 002a 08BD     		pop	{r3, pc}
  73              	.L7:
  73:Src/usb_device.c ****   }
  74              		.loc 1 73 5 is_stmt 1 view .LVU14
  75 002c FFF7FEFF 		bl	Error_Handler
  76              	.LVL4:
  77 0030 EDE7     		b	.L2
  78              	.L8:
  77:Src/usb_device.c ****   }
  79              		.loc 1 77 5 view .LVU15
ARM GAS  /tmp/ccLOXol2.s 			page 4


  80 0032 FFF7FEFF 		bl	Error_Handler
  81              	.LVL5:
  82 0036 EFE7     		b	.L3
  83              	.L9:
  81:Src/usb_device.c ****   }
  84              		.loc 1 81 5 view .LVU16
  85 0038 FFF7FEFF 		bl	Error_Handler
  86              	.LVL6:
  87 003c F1E7     		b	.L4
  88              	.L10:
  85:Src/usb_device.c ****   }
  89              		.loc 1 85 5 view .LVU17
  90 003e FFF7FEFF 		bl	Error_Handler
  91              	.LVL7:
  92              		.loc 1 91 1 is_stmt 0 view .LVU18
  93 0042 F2E7     		b	.L1
  94              	.L12:
  95              		.align	2
  96              	.L11:
  97 0044 00000000 		.word	FS_Desc
  98 0048 00000000 		.word	hUsbDeviceFS
  99 004c 00000000 		.word	USBD_CDC
 100 0050 00000000 		.word	USBD_Interface_fops_FS
 101              		.cfi_endproc
 102              	.LFE68:
 104              		.global	hUsbDeviceFS
 105              		.section	.bss.hUsbDeviceFS,"aw",%nobits
 106              		.align	2
 109              	hUsbDeviceFS:
 110 0000 00000000 		.space	708
 110      00000000 
 110      00000000 
 110      00000000 
 110      00000000 
 111              		.text
 112              	.Letext0:
 113              		.file 2 "/usr/lib/gcc/arm-none-eabi/13.3.1/include/stdint.h"
 114              		.file 3 "Middlewares/ST/STM32_USB_Device_Library/Core/Inc/usbd_def.h"
 115              		.file 4 "Middlewares/ST/STM32_USB_Device_Library/Class/CDC/Inc/usbd_cdc.h"
 116              		.file 5 "Inc/usbd_desc.h"
 117              		.file 6 "Inc/usbd_cdc_if.h"
 118              		.file 7 "Middlewares/ST/STM32_USB_Device_Library/Core/Inc/usbd_core.h"
 119              		.file 8 "Inc/main.h"
ARM GAS  /tmp/ccLOXol2.s 			page 5


DEFINED SYMBOLS
                            *ABS*:00000000 usb_device.c
     /tmp/ccLOXol2.s:19     .text.MX_USB_DEVICE_Init:00000000 $t
     /tmp/ccLOXol2.s:25     .text.MX_USB_DEVICE_Init:00000000 MX_USB_DEVICE_Init
     /tmp/ccLOXol2.s:97     .text.MX_USB_DEVICE_Init:00000044 $d
     /tmp/ccLOXol2.s:109    .bss.hUsbDeviceFS:00000000 hUsbDeviceFS
     /tmp/ccLOXol2.s:106    .bss.hUsbDeviceFS:00000000 $d

UNDEFINED SYMBOLS
USBD_Init
USBD_RegisterClass
USBD_CDC_RegisterInterface
USBD_Start
Error_Handler
FS_Desc
USBD_CDC
USBD_Interface_fops_FS
