ARM GAS  /tmp/ccf4ehd3.s 			page 1


   1              		.cpu cortex-m3
   2              		.arch armv7-m
   3              		.fpu softvfp
   4              		.eabi_attribute 20, 1
   5              		.eabi_attribute 21, 1
   6              		.eabi_attribute 23, 3
   7              		.eabi_attribute 24, 1
   8              		.eabi_attribute 25, 1
   9              		.eabi_attribute 26, 1
  10              		.eabi_attribute 30, 1
  11              		.eabi_attribute 34, 1
  12              		.eabi_attribute 18, 4
  13              		.file	"bemf.c"
  14              		.text
  15              		.section	.rodata.log_var_analysis.str1.4,"aMS",%progbits,1
  16              		.align	2
  17              	.LC0:
  18 0000 706F6C61 		.ascii	"polarity_A\000"
  18      72697479 
  18      5F4100
  19 000b 00       		.align	2
  20              	.LC1:
  21 000c 706F6C61 		.ascii	"polarity_B\000"
  21      72697479 
  21      5F4200
  22 0017 00       		.align	2
  23              	.LC2:
  24 0018 706F6C61 		.ascii	"polarity_C\000"
  24      72697479 
  24      5F4300
  25 0023 00       		.align	2
  26              	.LC3:
  27 0024 72706D00 		.ascii	"rpm\000"
  28              		.align	2
  29              	.LC4:
  30 0028 73746570 		.ascii	"step\000"
  30      00
  31              		.section	.text.log_var_analysis,"ax",%progbits
  32              		.align	1
  33              		.global	log_var_analysis
  34              		.syntax unified
  35              		.thumb
  36              		.thumb_func
  38              	log_var_analysis:
  39              		@ args = 0, pretend = 0, frame = 0
  40              		@ frame_needed = 0, uses_anonymous_args = 0
  41 0000 08B5     		push	{r3, lr}
  42 0002 224B     		ldr	r3, .L6
  43 0004 1B68     		ldr	r3, [r3]
  44 0006 B3F5617F 		cmp	r3, #900
  45 000a 1FD9     		bls	.L1
  46 000c 204A     		ldr	r2, .L6+4
  47 000e 1378     		ldrb	r3, [r2]	@ zero_extendqisi2
  48 0010 0333     		adds	r3, r3, #3
  49 0012 DBB2     		uxtb	r3, r3
  50 0014 1370     		strb	r3, [r2]
  51 0016 1E2B     		cmp	r3, #30
ARM GAS  /tmp/ccf4ehd3.s 			page 2


  52 0018 19D0     		beq	.L5
  53 001a 1E4B     		ldr	r3, .L6+8
  54 001c 1978     		ldrb	r1, [r3]	@ zero_extendqisi2
  55 001e 1E48     		ldr	r0, .L6+12
  56 0020 FFF7FEFF 		bl	log_variable
  57 0024 1D4B     		ldr	r3, .L6+16
  58 0026 1978     		ldrb	r1, [r3]	@ zero_extendqisi2
  59 0028 1D48     		ldr	r0, .L6+20
  60 002a FFF7FEFF 		bl	log_variable
  61 002e 1D4B     		ldr	r3, .L6+24
  62 0030 1978     		ldrb	r1, [r3]	@ zero_extendqisi2
  63 0032 1D48     		ldr	r0, .L6+28
  64 0034 FFF7FEFF 		bl	log_variable
  65 0038 144B     		ldr	r3, .L6
  66 003a 1968     		ldr	r1, [r3]
  67 003c 1B48     		ldr	r0, .L6+32
  68 003e FFF7FEFF 		bl	log_variable
  69 0042 1B4B     		ldr	r3, .L6+36
  70 0044 1968     		ldr	r1, [r3]
  71 0046 1B48     		ldr	r0, .L6+40
  72 0048 FFF7FEFF 		bl	log_variable
  73              	.L1:
  74 004c 08BD     		pop	{r3, pc}
  75              	.L5:
  76 004e FFF7FEFF 		bl	LOG_POST
  77 0052 0F4B     		ldr	r3, .L6+4
  78 0054 0022     		movs	r2, #0
  79 0056 1A70     		strb	r2, [r3]
  80 0058 0E4B     		ldr	r3, .L6+8
  81 005a 1978     		ldrb	r1, [r3]	@ zero_extendqisi2
  82 005c 0E48     		ldr	r0, .L6+12
  83 005e FFF7FEFF 		bl	log_variable
  84 0062 0E4B     		ldr	r3, .L6+16
  85 0064 1978     		ldrb	r1, [r3]	@ zero_extendqisi2
  86 0066 0E48     		ldr	r0, .L6+20
  87 0068 FFF7FEFF 		bl	log_variable
  88 006c 0D4B     		ldr	r3, .L6+24
  89 006e 1978     		ldrb	r1, [r3]	@ zero_extendqisi2
  90 0070 0D48     		ldr	r0, .L6+28
  91 0072 FFF7FEFF 		bl	log_variable
  92 0076 054B     		ldr	r3, .L6
  93 0078 1968     		ldr	r1, [r3]
  94 007a 0C48     		ldr	r0, .L6+32
  95 007c FFF7FEFF 		bl	log_variable
  96 0080 0B4B     		ldr	r3, .L6+36
  97 0082 1968     		ldr	r1, [r3]
  98 0084 0B48     		ldr	r0, .L6+40
  99 0086 FFF7FEFF 		bl	log_variable
 100 008a DFE7     		b	.L1
 101              	.L7:
 102              		.align	2
 103              	.L6:
 104 008c 00000000 		.word	rpm
 105 0090 00000000 		.word	log_counter.0
 106 0094 00000000 		.word	polarity_A
 107 0098 00000000 		.word	.LC0
 108 009c 00000000 		.word	polarity_B
ARM GAS  /tmp/ccf4ehd3.s 			page 3


 109 00a0 0C000000 		.word	.LC1
 110 00a4 00000000 		.word	polarity_C
 111 00a8 18000000 		.word	.LC2
 112 00ac 24000000 		.word	.LC3
 113 00b0 00000000 		.word	step
 114 00b4 28000000 		.word	.LC4
 116              		.section	.text.phaseControlBemf,"ax",%progbits
 117              		.align	1
 118              		.global	phaseControlBemf
 119              		.syntax unified
 120              		.thumb
 121              		.thumb_func
 123              	phaseControlBemf:
 124              		@ args = 0, pretend = 0, frame = 0
 125              		@ frame_needed = 0, uses_anonymous_args = 0
 126 0000 10B5     		push	{r4, lr}
 127 0002 5F4B     		ldr	r3, .L19
 128 0004 1B88     		ldrh	r3, [r3]
 129 0006 9BB2     		uxth	r3, r3
 130 0008 0333     		adds	r3, r3, #3
 131 000a 5E4A     		ldr	r2, .L19+4
 132 000c 1268     		ldr	r2, [r2]
 133 000e 9342     		cmp	r3, r2
 134 0010 2FD8     		bhi	.L9
 135 0012 5D4B     		ldr	r3, .L19+8
 136 0014 1B78     		ldrb	r3, [r3]	@ zero_extendqisi2
 137 0016 C3B1     		cbz	r3, .L16
 138              	.L10:
 139 0018 594B     		ldr	r3, .L19
 140 001a 1B88     		ldrh	r3, [r3]
 141 001c 9BB2     		uxth	r3, r3
 142 001e 0333     		adds	r3, r3, #3
 143 0020 5A4A     		ldr	r2, .L19+12
 144 0022 1268     		ldr	r2, [r2]
 145 0024 9342     		cmp	r3, r2
 146 0026 57D8     		bhi	.L11
 147 0028 594B     		ldr	r3, .L19+16
 148 002a 1B78     		ldrb	r3, [r3]	@ zero_extendqisi2
 149 002c 002B     		cmp	r3, #0
 150 002e 3FD0     		beq	.L17
 151              	.L12:
 152 0030 534B     		ldr	r3, .L19
 153 0032 1B88     		ldrh	r3, [r3]
 154 0034 9BB2     		uxth	r3, r3
 155 0036 0333     		adds	r3, r3, #3
 156 0038 564A     		ldr	r2, .L19+20
 157 003a 1268     		ldr	r2, [r2]
 158 003c 9342     		cmp	r3, r2
 159 003e 7ED8     		bhi	.L13
 160 0040 554B     		ldr	r3, .L19+24
 161 0042 1B78     		ldrb	r3, [r3]	@ zero_extendqisi2
 162 0044 002B     		cmp	r3, #0
 163 0046 66D0     		beq	.L18
 164              	.L8:
 165 0048 10BD     		pop	{r4, pc}
 166              	.L16:
 167 004a 544C     		ldr	r4, .L19+28
ARM GAS  /tmp/ccf4ehd3.s 			page 4


 168 004c 2368     		ldr	r3, [r4]
 169 004e 5B6A     		ldr	r3, [r3, #36]
 170 0050 534A     		ldr	r2, .L19+32
 171 0052 1360     		str	r3, [r2]
 172 0054 5348     		ldr	r0, .L19+36
 173 0056 0268     		ldr	r2, [r0]
 174 0058 D362     		str	r3, [r2, #44]
 175 005a C360     		str	r3, [r0, #12]
 176 005c FFF7FEFF 		bl	HAL_TIM_Base_Start_IT
 177 0060 2368     		ldr	r3, [r4]
 178 0062 0022     		movs	r2, #0
 179 0064 5A62     		str	r2, [r3, #36]
 180 0066 484B     		ldr	r3, .L19+8
 181 0068 0122     		movs	r2, #1
 182 006a 1A70     		strb	r2, [r3]
 183 006c FFF7FEFF 		bl	log_var_analysis
 184 0070 D2E7     		b	.L10
 185              	.L9:
 186 0072 454B     		ldr	r3, .L19+8
 187 0074 1B78     		ldrb	r3, [r3]	@ zero_extendqisi2
 188 0076 002B     		cmp	r3, #0
 189 0078 CED0     		beq	.L10
 190 007a 414B     		ldr	r3, .L19
 191 007c 1B88     		ldrh	r3, [r3]
 192 007e 9BB2     		uxth	r3, r3
 193 0080 033B     		subs	r3, r3, #3
 194 0082 404A     		ldr	r2, .L19+4
 195 0084 1268     		ldr	r2, [r2]
 196 0086 9342     		cmp	r3, r2
 197 0088 C6D9     		bls	.L10
 198 008a 444C     		ldr	r4, .L19+28
 199 008c 2368     		ldr	r3, [r4]
 200 008e 5B6A     		ldr	r3, [r3, #36]
 201 0090 434A     		ldr	r2, .L19+32
 202 0092 1360     		str	r3, [r2]
 203 0094 4348     		ldr	r0, .L19+36
 204 0096 0268     		ldr	r2, [r0]
 205 0098 D362     		str	r3, [r2, #44]
 206 009a C360     		str	r3, [r0, #12]
 207 009c FFF7FEFF 		bl	HAL_TIM_Base_Start_IT
 208 00a0 2268     		ldr	r2, [r4]
 209 00a2 0023     		movs	r3, #0
 210 00a4 5362     		str	r3, [r2, #36]
 211 00a6 384A     		ldr	r2, .L19+8
 212 00a8 1370     		strb	r3, [r2]
 213 00aa FFF7FEFF 		bl	log_var_analysis
 214 00ae B3E7     		b	.L10
 215              	.L17:
 216 00b0 3A4C     		ldr	r4, .L19+28
 217 00b2 2368     		ldr	r3, [r4]
 218 00b4 5B6A     		ldr	r3, [r3, #36]
 219 00b6 3A4A     		ldr	r2, .L19+32
 220 00b8 1360     		str	r3, [r2]
 221 00ba 3A48     		ldr	r0, .L19+36
 222 00bc 0268     		ldr	r2, [r0]
 223 00be D362     		str	r3, [r2, #44]
 224 00c0 C360     		str	r3, [r0, #12]
ARM GAS  /tmp/ccf4ehd3.s 			page 5


 225 00c2 FFF7FEFF 		bl	HAL_TIM_Base_Start_IT
 226 00c6 2368     		ldr	r3, [r4]
 227 00c8 0022     		movs	r2, #0
 228 00ca 5A62     		str	r2, [r3, #36]
 229 00cc 304B     		ldr	r3, .L19+16
 230 00ce 0122     		movs	r2, #1
 231 00d0 1A70     		strb	r2, [r3]
 232 00d2 FFF7FEFF 		bl	log_var_analysis
 233 00d6 ABE7     		b	.L12
 234              	.L11:
 235 00d8 2D4B     		ldr	r3, .L19+16
 236 00da 1B78     		ldrb	r3, [r3]	@ zero_extendqisi2
 237 00dc 002B     		cmp	r3, #0
 238 00de A7D0     		beq	.L12
 239 00e0 274B     		ldr	r3, .L19
 240 00e2 1B88     		ldrh	r3, [r3]
 241 00e4 9BB2     		uxth	r3, r3
 242 00e6 033B     		subs	r3, r3, #3
 243 00e8 284A     		ldr	r2, .L19+12
 244 00ea 1268     		ldr	r2, [r2]
 245 00ec 9342     		cmp	r3, r2
 246 00ee 9FD9     		bls	.L12
 247 00f0 2A4C     		ldr	r4, .L19+28
 248 00f2 2368     		ldr	r3, [r4]
 249 00f4 5B6A     		ldr	r3, [r3, #36]
 250 00f6 2A4A     		ldr	r2, .L19+32
 251 00f8 1360     		str	r3, [r2]
 252 00fa 2A48     		ldr	r0, .L19+36
 253 00fc 0268     		ldr	r2, [r0]
 254 00fe D362     		str	r3, [r2, #44]
 255 0100 C360     		str	r3, [r0, #12]
 256 0102 FFF7FEFF 		bl	HAL_TIM_Base_Start_IT
 257 0106 2268     		ldr	r2, [r4]
 258 0108 0023     		movs	r3, #0
 259 010a 5362     		str	r3, [r2, #36]
 260 010c 204A     		ldr	r2, .L19+16
 261 010e 1370     		strb	r3, [r2]
 262 0110 FFF7FEFF 		bl	log_var_analysis
 263 0114 8CE7     		b	.L12
 264              	.L18:
 265 0116 214C     		ldr	r4, .L19+28
 266 0118 2368     		ldr	r3, [r4]
 267 011a 5B6A     		ldr	r3, [r3, #36]
 268 011c 204A     		ldr	r2, .L19+32
 269 011e 1360     		str	r3, [r2]
 270 0120 2048     		ldr	r0, .L19+36
 271 0122 0268     		ldr	r2, [r0]
 272 0124 D362     		str	r3, [r2, #44]
 273 0126 C360     		str	r3, [r0, #12]
 274 0128 FFF7FEFF 		bl	HAL_TIM_Base_Start_IT
 275 012c 2368     		ldr	r3, [r4]
 276 012e 0022     		movs	r2, #0
 277 0130 5A62     		str	r2, [r3, #36]
 278 0132 194B     		ldr	r3, .L19+24
 279 0134 0122     		movs	r2, #1
 280 0136 1A70     		strb	r2, [r3]
 281 0138 FFF7FEFF 		bl	log_var_analysis
ARM GAS  /tmp/ccf4ehd3.s 			page 6


 282 013c 84E7     		b	.L8
 283              	.L13:
 284 013e 164B     		ldr	r3, .L19+24
 285 0140 1B78     		ldrb	r3, [r3]	@ zero_extendqisi2
 286 0142 002B     		cmp	r3, #0
 287 0144 80D0     		beq	.L8
 288 0146 0E4B     		ldr	r3, .L19
 289 0148 1B88     		ldrh	r3, [r3]
 290 014a 9BB2     		uxth	r3, r3
 291 014c 033B     		subs	r3, r3, #3
 292 014e 114A     		ldr	r2, .L19+20
 293 0150 1268     		ldr	r2, [r2]
 294 0152 9342     		cmp	r3, r2
 295 0154 7FF678AF 		bls	.L8
 296 0158 104C     		ldr	r4, .L19+28
 297 015a 2368     		ldr	r3, [r4]
 298 015c 5B6A     		ldr	r3, [r3, #36]
 299 015e 104A     		ldr	r2, .L19+32
 300 0160 1360     		str	r3, [r2]
 301 0162 1048     		ldr	r0, .L19+36
 302 0164 0268     		ldr	r2, [r0]
 303 0166 D362     		str	r3, [r2, #44]
 304 0168 C360     		str	r3, [r0, #12]
 305 016a FFF7FEFF 		bl	HAL_TIM_Base_Start_IT
 306 016e 2268     		ldr	r2, [r4]
 307 0170 0023     		movs	r3, #0
 308 0172 5362     		str	r3, [r2, #36]
 309 0174 084A     		ldr	r2, .L19+24
 310 0176 1370     		strb	r3, [r2]
 311 0178 FFF7FEFF 		bl	log_var_analysis
 312 017c 64E7     		b	.L8
 313              	.L20:
 314 017e 00BF     		.align	2
 315              	.L19:
 316 0180 00000000 		.word	motor_voltage
 317 0184 00000000 		.word	phase_A
 318 0188 00000000 		.word	polarity_A
 319 018c 00000000 		.word	phase_B
 320 0190 00000000 		.word	polarity_B
 321 0194 00000000 		.word	phase_C
 322 0198 00000000 		.word	polarity_C
 323 019c 00000000 		.word	htim4
 324 01a0 00000000 		.word	intersection_interval
 325 01a4 00000000 		.word	htim3
 327              		.section	.bss.log_counter.0,"aw",%nobits
 330              	log_counter.0:
 331 0000 00       		.space	1
 332              		.global	d
 333              		.section	.bss.d,"aw",%nobits
 334              		.align	1
 337              	d:
 338 0000 0000     		.space	2
 339              		.global	c
 340              		.section	.bss.c,"aw",%nobits
 341              		.align	1
 344              	c:
 345 0000 0000     		.space	2
ARM GAS  /tmp/ccf4ehd3.s 			page 7


 346              		.global	b
 347              		.section	.bss.b,"aw",%nobits
 348              		.align	1
 351              	b:
 352 0000 0000     		.space	2
 353              		.global	a
 354              		.section	.bss.a,"aw",%nobits
 355              		.align	1
 358              	a:
 359 0000 0000     		.space	2
 360              		.ident	"GCC: (15:13.3.rel1-1) 13.3.1 20240614"
ARM GAS  /tmp/ccf4ehd3.s 			page 8


DEFINED SYMBOLS
                            *ABS*:00000000 bemf.c
     /tmp/ccf4ehd3.s:16     .rodata.log_var_analysis.str1.4:00000000 $d
     /tmp/ccf4ehd3.s:32     .text.log_var_analysis:00000000 $t
     /tmp/ccf4ehd3.s:38     .text.log_var_analysis:00000000 log_var_analysis
     /tmp/ccf4ehd3.s:104    .text.log_var_analysis:0000008c $d
     /tmp/ccf4ehd3.s:330    .bss.log_counter.0:00000000 log_counter.0
     /tmp/ccf4ehd3.s:117    .text.phaseControlBemf:00000000 $t
     /tmp/ccf4ehd3.s:123    .text.phaseControlBemf:00000000 phaseControlBemf
     /tmp/ccf4ehd3.s:316    .text.phaseControlBemf:00000180 $d
     /tmp/ccf4ehd3.s:331    .bss.log_counter.0:00000000 $d
     /tmp/ccf4ehd3.s:337    .bss.d:00000000 d
     /tmp/ccf4ehd3.s:334    .bss.d:00000000 $d
     /tmp/ccf4ehd3.s:344    .bss.c:00000000 c
     /tmp/ccf4ehd3.s:341    .bss.c:00000000 $d
     /tmp/ccf4ehd3.s:351    .bss.b:00000000 b
     /tmp/ccf4ehd3.s:348    .bss.b:00000000 $d
     /tmp/ccf4ehd3.s:358    .bss.a:00000000 a
     /tmp/ccf4ehd3.s:355    .bss.a:00000000 $d

UNDEFINED SYMBOLS
log_variable
LOG_POST
rpm
polarity_A
polarity_B
polarity_C
step
HAL_TIM_Base_Start_IT
motor_voltage
phase_A
phase_B
phase_C
htim4
intersection_interval
htim3
