ARM GAS  /tmp/ccMCVXGI.s 			page 1


   1              		.cpu cortex-m3
   2              		.arch armv7-m
   3              		.fpu softvfp
   4              		.eabi_attribute 20, 1
   5              		.eabi_attribute 21, 1
   6              		.eabi_attribute 23, 3
   7              		.eabi_attribute 24, 1
   8              		.eabi_attribute 25, 1
   9              		.eabi_attribute 26, 1
  10              		.eabi_attribute 30, 1
  11              		.eabi_attribute 34, 1
  12              		.eabi_attribute 18, 4
  13              		.file	"debug_monitor.c"
  14              		.text
  15              		.section	.rodata.log_variable.str1.4,"aMS",%progbits,1
  16              		.align	2
  17              	.LC0:
  18 0000 25733A25 		.ascii	"%s:%u,\000"
  18      752C00
  19              		.section	.text.log_variable,"ax",%progbits
  20              		.align	1
  21              		.global	log_variable
  22              		.syntax unified
  23              		.thumb
  24              		.thumb_func
  26              	log_variable:
  27              		@ args = 0, pretend = 0, frame = 0
  28              		@ frame_needed = 0, uses_anonymous_args = 0
  29 0000 30B5     		push	{r4, r5, lr}
  30 0002 83B0     		sub	sp, sp, #12
  31 0004 0346     		mov	r3, r0
  32 0006 074C     		ldr	r4, .L3
  33 0008 2568     		ldr	r5, [r4]
  34 000a 0091     		str	r1, [sp]
  35 000c 064A     		ldr	r2, .L3+4
  36 000e C5F50071 		rsb	r1, r5, #512
  37 0012 0648     		ldr	r0, .L3+8
  38 0014 2844     		add	r0, r0, r5
  39 0016 FFF7FEFF 		bl	snprintf
  40 001a 2368     		ldr	r3, [r4]
  41 001c 0344     		add	r3, r3, r0
  42 001e 2360     		str	r3, [r4]
  43 0020 03B0     		add	sp, sp, #12
  44              		@ sp needed
  45 0022 30BD     		pop	{r4, r5, pc}
  46              	.L4:
  47              		.align	2
  48              	.L3:
  49 0024 00000000 		.word	log_length
  50 0028 00000000 		.word	.LC0
  51 002c 00000000 		.word	log_buffer
  53              		.section	.text.LOG_POST,"ax",%progbits
  54              		.align	1
  55              		.global	LOG_POST
  56              		.syntax unified
  57              		.thumb
  58              		.thumb_func
ARM GAS  /tmp/ccMCVXGI.s 			page 2


  60              	LOG_POST:
  61              		@ args = 0, pretend = 0, frame = 0
  62              		@ frame_needed = 0, uses_anonymous_args = 0
  63 0000 08B5     		push	{r3, lr}
  64 0002 094B     		ldr	r3, .L9
  65 0004 1968     		ldr	r1, [r3]
  66 0006 0029     		cmp	r1, #0
  67 0008 05DC     		bgt	.L8
  68              	.L6:
  69 000a 0023     		movs	r3, #0
  70 000c 064A     		ldr	r2, .L9
  71 000e 1360     		str	r3, [r2]
  72 0010 064A     		ldr	r2, .L9+4
  73 0012 1370     		strb	r3, [r2]
  74 0014 08BD     		pop	{r3, pc}
  75              	.L8:
  76 0016 4B1E     		subs	r3, r1, #1
  77 0018 0448     		ldr	r0, .L9+4
  78 001a 0A22     		movs	r2, #10
  79 001c C254     		strb	r2, [r0, r3]
  80 001e 89B2     		uxth	r1, r1
  81 0020 FFF7FEFF 		bl	CDC_Transmit_FS
  82 0024 F1E7     		b	.L6
  83              	.L10:
  84 0026 00BF     		.align	2
  85              	.L9:
  86 0028 00000000 		.word	log_length
  87 002c 00000000 		.word	log_buffer
  89              		.global	log_length
  90              		.section	.bss.log_length,"aw",%nobits
  91              		.align	2
  94              	log_length:
  95 0000 00000000 		.space	4
  96              		.global	log_buffer
  97              		.section	.bss.log_buffer,"aw",%nobits
  98              		.align	2
 101              	log_buffer:
 102 0000 00000000 		.space	512
 102      00000000 
 102      00000000 
 102      00000000 
 102      00000000 
 103              		.ident	"GCC: (15:13.3.rel1-1) 13.3.1 20240614"
ARM GAS  /tmp/ccMCVXGI.s 			page 3


DEFINED SYMBOLS
                            *ABS*:00000000 debug_monitor.c
     /tmp/ccMCVXGI.s:16     .rodata.log_variable.str1.4:00000000 $d
     /tmp/ccMCVXGI.s:20     .text.log_variable:00000000 $t
     /tmp/ccMCVXGI.s:26     .text.log_variable:00000000 log_variable
     /tmp/ccMCVXGI.s:49     .text.log_variable:00000024 $d
     /tmp/ccMCVXGI.s:94     .bss.log_length:00000000 log_length
     /tmp/ccMCVXGI.s:101    .bss.log_buffer:00000000 log_buffer
     /tmp/ccMCVXGI.s:54     .text.LOG_POST:00000000 $t
     /tmp/ccMCVXGI.s:60     .text.LOG_POST:00000000 LOG_POST
     /tmp/ccMCVXGI.s:86     .text.LOG_POST:00000028 $d
     /tmp/ccMCVXGI.s:91     .bss.log_length:00000000 $d
     /tmp/ccMCVXGI.s:98     .bss.log_buffer:00000000 $d

UNDEFINED SYMBOLS
snprintf
CDC_Transmit_FS
