ARM GAS  /tmp/ccVD9iBy.s 			page 1


   1              		.cpu cortex-m3
   2              		.arch armv7-m
   3              		.fpu softvfp
   4              		.eabi_attribute 20, 1
   5              		.eabi_attribute 21, 1
   6              		.eabi_attribute 23, 3
   7              		.eabi_attribute 24, 1
   8              		.eabi_attribute 25, 1
   9              		.eabi_attribute 26, 1
  10              		.eabi_attribute 30, 1
  11              		.eabi_attribute 34, 1
  12              		.eabi_attribute 18, 4
  13              		.file	"dma.c"
  14              		.text
  15              		.section	.text.MX_DMA_Init,"ax",%progbits
  16              		.align	1
  17              		.global	MX_DMA_Init
  18              		.syntax unified
  19              		.thumb
  20              		.thumb_func
  22              	MX_DMA_Init:
  23              		@ args = 0, pretend = 0, frame = 8
  24              		@ frame_needed = 0, uses_anonymous_args = 0
  25 0000 00B5     		push	{lr}
  26 0002 83B0     		sub	sp, sp, #12
  27 0004 0A4B     		ldr	r3, .L3
  28 0006 5A69     		ldr	r2, [r3, #20]
  29 0008 42F00102 		orr	r2, r2, #1
  30 000c 5A61     		str	r2, [r3, #20]
  31 000e 5B69     		ldr	r3, [r3, #20]
  32 0010 03F00103 		and	r3, r3, #1
  33 0014 0193     		str	r3, [sp, #4]
  34 0016 019B     		ldr	r3, [sp, #4]
  35 0018 0022     		movs	r2, #0
  36 001a 1146     		mov	r1, r2
  37 001c 0B20     		movs	r0, #11
  38 001e FFF7FEFF 		bl	HAL_NVIC_SetPriority
  39 0022 0B20     		movs	r0, #11
  40 0024 FFF7FEFF 		bl	HAL_NVIC_EnableIRQ
  41 0028 03B0     		add	sp, sp, #12
  42              		@ sp needed
  43 002a 5DF804FB 		ldr	pc, [sp], #4
  44              	.L4:
  45 002e 00BF     		.align	2
  46              	.L3:
  47 0030 00100240 		.word	1073876992
  49              		.ident	"GCC: (15:13.3.rel1-1) 13.3.1 20240614"
ARM GAS  /tmp/ccVD9iBy.s 			page 2


DEFINED SYMBOLS
                            *ABS*:00000000 dma.c
     /tmp/ccVD9iBy.s:16     .text.MX_DMA_Init:00000000 $t
     /tmp/ccVD9iBy.s:22     .text.MX_DMA_Init:00000000 MX_DMA_Init
     /tmp/ccVD9iBy.s:47     .text.MX_DMA_Init:00000030 $d

UNDEFINED SYMBOLS
HAL_NVIC_SetPriority
HAL_NVIC_EnableIRQ
