ARM GAS  /tmp/cc8REKF4.s 			page 1


   1              		.cpu cortex-m3
   2              		.arch armv7-m
   3              		.fpu softvfp
   4              		.eabi_attribute 20, 1
   5              		.eabi_attribute 21, 1
   6              		.eabi_attribute 23, 3
   7              		.eabi_attribute 24, 1
   8              		.eabi_attribute 25, 1
   9              		.eabi_attribute 26, 1
  10              		.eabi_attribute 30, 1
  11              		.eabi_attribute 34, 1
  12              		.eabi_attribute 18, 4
  13              		.file	"stm32f1xx_hal_exti.c"
  14              		.text
  15              		.section	.text.HAL_EXTI_SetConfigLine,"ax",%progbits
  16              		.align	1
  17              		.global	HAL_EXTI_SetConfigLine
  18              		.syntax unified
  19              		.thumb
  20              		.thumb_func
  22              	HAL_EXTI_SetConfigLine:
  23              		@ args = 0, pretend = 0, frame = 0
  24              		@ frame_needed = 0, uses_anonymous_args = 0
  25              		@ link register save eliminated.
  26 0000 0028     		cmp	r0, #0
  27 0002 60D0     		beq	.L11
  28 0004 0029     		cmp	r1, #0
  29 0006 60D0     		beq	.L12
  30 0008 70B4     		push	{r4, r5, r6}
  31 000a 0B68     		ldr	r3, [r1]
  32 000c 0360     		str	r3, [r0]
  33 000e 03F01F02 		and	r2, r3, #31
  34 0012 0120     		movs	r0, #1
  35 0014 9040     		lsls	r0, r0, r2
  36 0016 13F0007F 		tst	r3, #33554432
  37 001a 15D0     		beq	.L3
  38 001c 8C68     		ldr	r4, [r1, #8]
  39 001e 14F0010F 		tst	r4, #1
  40 0022 24D0     		beq	.L4
  41 0024 2A4D     		ldr	r5, .L18
  42 0026 AC68     		ldr	r4, [r5, #8]
  43 0028 0443     		orrs	r4, r4, r0
  44 002a AC60     		str	r4, [r5, #8]
  45              	.L5:
  46 002c 8C68     		ldr	r4, [r1, #8]
  47 002e 14F0020F 		tst	r4, #2
  48 0032 22D0     		beq	.L6
  49 0034 264D     		ldr	r5, .L18
  50 0036 EC68     		ldr	r4, [r5, #12]
  51 0038 0443     		orrs	r4, r4, r0
  52 003a EC60     		str	r4, [r5, #12]
  53              	.L7:
  54 003c 0C68     		ldr	r4, [r1]
  55 003e 04F0C06C 		and	ip, r4, #100663296
  56 0042 BCF1C06F 		cmp	ip, #100663296
  57 0046 1ED0     		beq	.L17
  58              	.L3:
ARM GAS  /tmp/cc8REKF4.s 			page 2


  59 0048 4B68     		ldr	r3, [r1, #4]
  60 004a 13F0010F 		tst	r3, #1
  61 004e 2DD0     		beq	.L8
  62 0050 1F4A     		ldr	r2, .L18
  63 0052 1368     		ldr	r3, [r2]
  64 0054 0343     		orrs	r3, r3, r0
  65 0056 1360     		str	r3, [r2]
  66              	.L9:
  67 0058 4B68     		ldr	r3, [r1, #4]
  68 005a 13F0020F 		tst	r3, #2
  69 005e 2BD0     		beq	.L10
  70 0060 1B4A     		ldr	r2, .L18
  71 0062 5368     		ldr	r3, [r2, #4]
  72 0064 0343     		orrs	r3, r3, r0
  73 0066 5360     		str	r3, [r2, #4]
  74 0068 0020     		movs	r0, #0
  75              	.L2:
  76 006a 70BC     		pop	{r4, r5, r6}
  77 006c 7047     		bx	lr
  78              	.L4:
  79 006e 184D     		ldr	r5, .L18
  80 0070 AC68     		ldr	r4, [r5, #8]
  81 0072 24EA0004 		bic	r4, r4, r0
  82 0076 AC60     		str	r4, [r5, #8]
  83 0078 D8E7     		b	.L5
  84              	.L6:
  85 007a 154D     		ldr	r5, .L18
  86 007c EC68     		ldr	r4, [r5, #12]
  87 007e 24EA0004 		bic	r4, r4, r0
  88 0082 EC60     		str	r4, [r5, #12]
  89 0084 DAE7     		b	.L7
  90              	.L17:
  91 0086 9208     		lsrs	r2, r2, #2
  92 0088 124E     		ldr	r6, .L18+4
  93 008a 0232     		adds	r2, r2, #2
  94 008c 56F82240 		ldr	r4, [r6, r2, lsl #2]
  95 0090 03F00303 		and	r3, r3, #3
  96 0094 9B00     		lsls	r3, r3, #2
  97 0096 0F25     		movs	r5, #15
  98 0098 9D40     		lsls	r5, r5, r3
  99 009a 24EA0504 		bic	r4, r4, r5
 100 009e CD68     		ldr	r5, [r1, #12]
 101 00a0 05FA03F3 		lsl	r3, r5, r3
 102 00a4 2343     		orrs	r3, r3, r4
 103 00a6 46F82230 		str	r3, [r6, r2, lsl #2]
 104 00aa CDE7     		b	.L3
 105              	.L8:
 106 00ac 084A     		ldr	r2, .L18
 107 00ae 1368     		ldr	r3, [r2]
 108 00b0 23EA0003 		bic	r3, r3, r0
 109 00b4 1360     		str	r3, [r2]
 110 00b6 CFE7     		b	.L9
 111              	.L10:
 112 00b8 054A     		ldr	r2, .L18
 113 00ba 5368     		ldr	r3, [r2, #4]
 114 00bc 23EA0003 		bic	r3, r3, r0
 115 00c0 5360     		str	r3, [r2, #4]
ARM GAS  /tmp/cc8REKF4.s 			page 3


 116 00c2 0020     		movs	r0, #0
 117 00c4 D1E7     		b	.L2
 118              	.L11:
 119 00c6 0120     		movs	r0, #1
 120 00c8 7047     		bx	lr
 121              	.L12:
 122 00ca 0120     		movs	r0, #1
 123 00cc 7047     		bx	lr
 124              	.L19:
 125 00ce 00BF     		.align	2
 126              	.L18:
 127 00d0 00040140 		.word	1073808384
 128 00d4 00000140 		.word	1073807360
 130              		.section	.text.HAL_EXTI_GetConfigLine,"ax",%progbits
 131              		.align	1
 132              		.global	HAL_EXTI_GetConfigLine
 133              		.syntax unified
 134              		.thumb
 135              		.thumb_func
 137              	HAL_EXTI_GetConfigLine:
 138              		@ args = 0, pretend = 0, frame = 0
 139              		@ frame_needed = 0, uses_anonymous_args = 0
 140              		@ link register save eliminated.
 141 0000 0028     		cmp	r0, #0
 142 0002 48D0     		beq	.L27
 143 0004 0029     		cmp	r1, #0
 144 0006 48D0     		beq	.L28
 145 0008 10B4     		push	{r4}
 146 000a 0468     		ldr	r4, [r0]
 147 000c 0C60     		str	r4, [r1]
 148 000e 04F01F0C 		and	ip, r4, #31
 149 0012 0123     		movs	r3, #1
 150 0014 03FA0CF3 		lsl	r3, r3, ip
 151 0018 2248     		ldr	r0, .L36
 152 001a 0068     		ldr	r0, [r0]
 153 001c 1842     		tst	r0, r3
 154 001e 27D0     		beq	.L22
 155 0020 0122     		movs	r2, #1
 156 0022 4A60     		str	r2, [r1, #4]
 157              	.L23:
 158 0024 1F48     		ldr	r0, .L36
 159 0026 4068     		ldr	r0, [r0, #4]
 160 0028 1842     		tst	r0, r3
 161 002a 03D0     		beq	.L24
 162 002c 4868     		ldr	r0, [r1, #4]
 163 002e 40F00200 		orr	r0, r0, #2
 164 0032 4860     		str	r0, [r1, #4]
 165              	.L24:
 166 0034 0022     		movs	r2, #0
 167 0036 8A60     		str	r2, [r1, #8]
 168 0038 CA60     		str	r2, [r1, #12]
 169 003a 14F0007F 		tst	r4, #33554432
 170 003e 2ED0     		beq	.L29
 171 0040 02F18042 		add	r2, r2, #1073741824
 172 0044 02F58232 		add	r2, r2, #66560
 173 0048 9268     		ldr	r2, [r2, #8]
 174 004a 1A42     		tst	r2, r3
ARM GAS  /tmp/cc8REKF4.s 			page 4


 175 004c 01D0     		beq	.L25
 176 004e 0122     		movs	r2, #1
 177 0050 8A60     		str	r2, [r1, #8]
 178              	.L25:
 179 0052 144A     		ldr	r2, .L36
 180 0054 D268     		ldr	r2, [r2, #12]
 181 0056 1A42     		tst	r2, r3
 182 0058 03D0     		beq	.L26
 183 005a 8B68     		ldr	r3, [r1, #8]
 184 005c 43F00203 		orr	r3, r3, #2
 185 0060 8B60     		str	r3, [r1, #8]
 186              	.L26:
 187 0062 04F0C063 		and	r3, r4, #100663296
 188 0066 B3F1C06F 		cmp	r3, #100663296
 189 006a 04D0     		beq	.L35
 190 006c 0020     		movs	r0, #0
 191 006e 17E0     		b	.L21
 192              	.L22:
 193 0070 0022     		movs	r2, #0
 194 0072 4A60     		str	r2, [r1, #4]
 195 0074 D6E7     		b	.L23
 196              	.L35:
 197 0076 4FEA9C02 		lsr	r2, ip, #2
 198 007a 0232     		adds	r2, r2, #2
 199 007c 0A4B     		ldr	r3, .L36+4
 200 007e 53F82220 		ldr	r2, [r3, r2, lsl #2]
 201 0082 04F00303 		and	r3, r4, #3
 202 0086 9B00     		lsls	r3, r3, #2
 203 0088 22FA03F3 		lsr	r3, r2, r3
 204 008c 03F00F03 		and	r3, r3, #15
 205 0090 CB60     		str	r3, [r1, #12]
 206 0092 0020     		movs	r0, #0
 207 0094 04E0     		b	.L21
 208              	.L27:
 209 0096 0120     		movs	r0, #1
 210 0098 7047     		bx	lr
 211              	.L28:
 212 009a 0120     		movs	r0, #1
 213 009c 7047     		bx	lr
 214              	.L29:
 215 009e 0020     		movs	r0, #0
 216              	.L21:
 217 00a0 10BC     		pop	{r4}
 218 00a2 7047     		bx	lr
 219              	.L37:
 220              		.align	2
 221              	.L36:
 222 00a4 00040140 		.word	1073808384
 223 00a8 00000140 		.word	1073807360
 225              		.section	.text.HAL_EXTI_ClearConfigLine,"ax",%progbits
 226              		.align	1
 227              		.global	HAL_EXTI_ClearConfigLine
 228              		.syntax unified
 229              		.thumb
 230              		.thumb_func
 232              	HAL_EXTI_ClearConfigLine:
 233              		@ args = 0, pretend = 0, frame = 0
ARM GAS  /tmp/cc8REKF4.s 			page 5


 234              		@ frame_needed = 0, uses_anonymous_args = 0
 235 0000 0028     		cmp	r0, #0
 236 0002 37D0     		beq	.L40
 237 0004 10B5     		push	{r4, lr}
 238 0006 8446     		mov	ip, r0
 239 0008 0468     		ldr	r4, [r0]
 240 000a 04F01F00 		and	r0, r4, #31
 241 000e 0123     		movs	r3, #1
 242 0010 8340     		lsls	r3, r3, r0
 243 0012 1A4A     		ldr	r2, .L48
 244 0014 1168     		ldr	r1, [r2]
 245 0016 6FEA030E 		mvn	lr, r3
 246 001a 21EA0301 		bic	r1, r1, r3
 247 001e 1160     		str	r1, [r2]
 248 0020 5168     		ldr	r1, [r2, #4]
 249 0022 21EA0303 		bic	r3, r1, r3
 250 0026 5360     		str	r3, [r2, #4]
 251 0028 DCF80030 		ldr	r3, [ip]
 252 002c 13F0007F 		tst	r3, #33554432
 253 0030 22D0     		beq	.L41
 254 0032 9368     		ldr	r3, [r2, #8]
 255 0034 0EEA0303 		and	r3, lr, r3
 256 0038 9360     		str	r3, [r2, #8]
 257 003a D368     		ldr	r3, [r2, #12]
 258 003c 0EEA0303 		and	r3, lr, r3
 259 0040 D360     		str	r3, [r2, #12]
 260 0042 DCF80030 		ldr	r3, [ip]
 261 0046 03F0C063 		and	r3, r3, #100663296
 262 004a B3F1C06F 		cmp	r3, #100663296
 263 004e 01D0     		beq	.L47
 264 0050 0020     		movs	r0, #0
 265 0052 12E0     		b	.L39
 266              	.L47:
 267 0054 8008     		lsrs	r0, r0, #2
 268 0056 0A49     		ldr	r1, .L48+4
 269 0058 0230     		adds	r0, r0, #2
 270 005a 51F82030 		ldr	r3, [r1, r0, lsl #2]
 271 005e 04F00304 		and	r4, r4, #3
 272 0062 A400     		lsls	r4, r4, #2
 273 0064 0F22     		movs	r2, #15
 274 0066 A240     		lsls	r2, r2, r4
 275 0068 23EA0203 		bic	r3, r3, r2
 276 006c 41F82030 		str	r3, [r1, r0, lsl #2]
 277 0070 0020     		movs	r0, #0
 278 0072 02E0     		b	.L39
 279              	.L40:
 280 0074 0120     		movs	r0, #1
 281 0076 7047     		bx	lr
 282              	.L41:
 283 0078 0020     		movs	r0, #0
 284              	.L39:
 285 007a 10BD     		pop	{r4, pc}
 286              	.L49:
 287              		.align	2
 288              	.L48:
 289 007c 00040140 		.word	1073808384
 290 0080 00000140 		.word	1073807360
ARM GAS  /tmp/cc8REKF4.s 			page 6


 292              		.section	.text.HAL_EXTI_RegisterCallback,"ax",%progbits
 293              		.align	1
 294              		.global	HAL_EXTI_RegisterCallback
 295              		.syntax unified
 296              		.thumb
 297              		.thumb_func
 299              	HAL_EXTI_RegisterCallback:
 300              		@ args = 0, pretend = 0, frame = 0
 301              		@ frame_needed = 0, uses_anonymous_args = 0
 302              		@ link register save eliminated.
 303 0000 0346     		mov	r3, r0
 304 0002 0846     		mov	r0, r1
 305 0004 09B9     		cbnz	r1, .L52
 306 0006 5A60     		str	r2, [r3, #4]
 307 0008 7047     		bx	lr
 308              	.L52:
 309 000a 0120     		movs	r0, #1
 310 000c 7047     		bx	lr
 312              		.section	.text.HAL_EXTI_GetHandle,"ax",%progbits
 313              		.align	1
 314              		.global	HAL_EXTI_GetHandle
 315              		.syntax unified
 316              		.thumb
 317              		.thumb_func
 319              	HAL_EXTI_GetHandle:
 320              		@ args = 0, pretend = 0, frame = 0
 321              		@ frame_needed = 0, uses_anonymous_args = 0
 322              		@ link register save eliminated.
 323 0000 10B1     		cbz	r0, .L55
 324 0002 0160     		str	r1, [r0]
 325 0004 0020     		movs	r0, #0
 326 0006 7047     		bx	lr
 327              	.L55:
 328 0008 0120     		movs	r0, #1
 329 000a 7047     		bx	lr
 331              		.section	.text.HAL_EXTI_IRQHandler,"ax",%progbits
 332              		.align	1
 333              		.global	HAL_EXTI_IRQHandler
 334              		.syntax unified
 335              		.thumb
 336              		.thumb_func
 338              	HAL_EXTI_IRQHandler:
 339              		@ args = 0, pretend = 0, frame = 0
 340              		@ frame_needed = 0, uses_anonymous_args = 0
 341 0000 08B5     		push	{r3, lr}
 342 0002 0368     		ldr	r3, [r0]
 343 0004 03F01F02 		and	r2, r3, #31
 344 0008 0123     		movs	r3, #1
 345 000a 9340     		lsls	r3, r3, r2
 346 000c 044A     		ldr	r2, .L59
 347 000e 5269     		ldr	r2, [r2, #20]
 348 0010 1A42     		tst	r2, r3
 349 0012 04D0     		beq	.L56
 350 0014 024A     		ldr	r2, .L59
 351 0016 5361     		str	r3, [r2, #20]
 352 0018 4368     		ldr	r3, [r0, #4]
 353 001a 03B1     		cbz	r3, .L56
ARM GAS  /tmp/cc8REKF4.s 			page 7


 354 001c 9847     		blx	r3
 355              	.L56:
 356 001e 08BD     		pop	{r3, pc}
 357              	.L60:
 358              		.align	2
 359              	.L59:
 360 0020 00040140 		.word	1073808384
 362              		.section	.text.HAL_EXTI_GetPending,"ax",%progbits
 363              		.align	1
 364              		.global	HAL_EXTI_GetPending
 365              		.syntax unified
 366              		.thumb
 367              		.thumb_func
 369              	HAL_EXTI_GetPending:
 370              		@ args = 0, pretend = 0, frame = 0
 371              		@ frame_needed = 0, uses_anonymous_args = 0
 372              		@ link register save eliminated.
 373 0000 0368     		ldr	r3, [r0]
 374 0002 03F01F03 		and	r3, r3, #31
 375 0006 0122     		movs	r2, #1
 376 0008 9A40     		lsls	r2, r2, r3
 377 000a 0249     		ldr	r1, .L62
 378 000c 4869     		ldr	r0, [r1, #20]
 379 000e 1040     		ands	r0, r0, r2
 380 0010 D840     		lsrs	r0, r0, r3
 381 0012 7047     		bx	lr
 382              	.L63:
 383              		.align	2
 384              	.L62:
 385 0014 00040140 		.word	1073808384
 387              		.section	.text.HAL_EXTI_ClearPending,"ax",%progbits
 388              		.align	1
 389              		.global	HAL_EXTI_ClearPending
 390              		.syntax unified
 391              		.thumb
 392              		.thumb_func
 394              	HAL_EXTI_ClearPending:
 395              		@ args = 0, pretend = 0, frame = 0
 396              		@ frame_needed = 0, uses_anonymous_args = 0
 397              		@ link register save eliminated.
 398 0000 0268     		ldr	r2, [r0]
 399 0002 02F01F02 		and	r2, r2, #31
 400 0006 0123     		movs	r3, #1
 401 0008 9340     		lsls	r3, r3, r2
 402 000a 014A     		ldr	r2, .L65
 403 000c 5361     		str	r3, [r2, #20]
 404 000e 7047     		bx	lr
 405              	.L66:
 406              		.align	2
 407              	.L65:
 408 0010 00040140 		.word	1073808384
 410              		.section	.text.HAL_EXTI_GenerateSWI,"ax",%progbits
 411              		.align	1
 412              		.global	HAL_EXTI_GenerateSWI
 413              		.syntax unified
 414              		.thumb
 415              		.thumb_func
ARM GAS  /tmp/cc8REKF4.s 			page 8


 417              	HAL_EXTI_GenerateSWI:
 418              		@ args = 0, pretend = 0, frame = 0
 419              		@ frame_needed = 0, uses_anonymous_args = 0
 420              		@ link register save eliminated.
 421 0000 0268     		ldr	r2, [r0]
 422 0002 02F01F02 		and	r2, r2, #31
 423 0006 0123     		movs	r3, #1
 424 0008 9340     		lsls	r3, r3, r2
 425 000a 014A     		ldr	r2, .L68
 426 000c 1361     		str	r3, [r2, #16]
 427 000e 7047     		bx	lr
 428              	.L69:
 429              		.align	2
 430              	.L68:
 431 0010 00040140 		.word	1073808384
 433              		.ident	"GCC: (15:13.3.rel1-1) 13.3.1 20240614"
ARM GAS  /tmp/cc8REKF4.s 			page 9


DEFINED SYMBOLS
                            *ABS*:00000000 stm32f1xx_hal_exti.c
     /tmp/cc8REKF4.s:16     .text.HAL_EXTI_SetConfigLine:00000000 $t
     /tmp/cc8REKF4.s:22     .text.HAL_EXTI_SetConfigLine:00000000 HAL_EXTI_SetConfigLine
     /tmp/cc8REKF4.s:127    .text.HAL_EXTI_SetConfigLine:000000d0 $d
     /tmp/cc8REKF4.s:131    .text.HAL_EXTI_GetConfigLine:00000000 $t
     /tmp/cc8REKF4.s:137    .text.HAL_EXTI_GetConfigLine:00000000 HAL_EXTI_GetConfigLine
     /tmp/cc8REKF4.s:222    .text.HAL_EXTI_GetConfigLine:000000a4 $d
     /tmp/cc8REKF4.s:226    .text.HAL_EXTI_ClearConfigLine:00000000 $t
     /tmp/cc8REKF4.s:232    .text.HAL_EXTI_ClearConfigLine:00000000 HAL_EXTI_ClearConfigLine
     /tmp/cc8REKF4.s:289    .text.HAL_EXTI_ClearConfigLine:0000007c $d
     /tmp/cc8REKF4.s:293    .text.HAL_EXTI_RegisterCallback:00000000 $t
     /tmp/cc8REKF4.s:299    .text.HAL_EXTI_RegisterCallback:00000000 HAL_EXTI_RegisterCallback
     /tmp/cc8REKF4.s:313    .text.HAL_EXTI_GetHandle:00000000 $t
     /tmp/cc8REKF4.s:319    .text.HAL_EXTI_GetHandle:00000000 HAL_EXTI_GetHandle
     /tmp/cc8REKF4.s:332    .text.HAL_EXTI_IRQHandler:00000000 $t
     /tmp/cc8REKF4.s:338    .text.HAL_EXTI_IRQHandler:00000000 HAL_EXTI_IRQHandler
     /tmp/cc8REKF4.s:360    .text.HAL_EXTI_IRQHandler:00000020 $d
     /tmp/cc8REKF4.s:363    .text.HAL_EXTI_GetPending:00000000 $t
     /tmp/cc8REKF4.s:369    .text.HAL_EXTI_GetPending:00000000 HAL_EXTI_GetPending
     /tmp/cc8REKF4.s:385    .text.HAL_EXTI_GetPending:00000014 $d
     /tmp/cc8REKF4.s:388    .text.HAL_EXTI_ClearPending:00000000 $t
     /tmp/cc8REKF4.s:394    .text.HAL_EXTI_ClearPending:00000000 HAL_EXTI_ClearPending
     /tmp/cc8REKF4.s:408    .text.HAL_EXTI_ClearPending:00000010 $d
     /tmp/cc8REKF4.s:411    .text.HAL_EXTI_GenerateSWI:00000000 $t
     /tmp/cc8REKF4.s:417    .text.HAL_EXTI_GenerateSWI:00000000 HAL_EXTI_GenerateSWI
     /tmp/cc8REKF4.s:431    .text.HAL_EXTI_GenerateSWI:00000010 $d

NO UNDEFINED SYMBOLS
