ARM GAS  /tmp/ccXcr4pK.s 			page 1


   1              		.cpu cortex-m3
   2              		.arch armv7-m
   3              		.fpu softvfp
   4              		.eabi_attribute 20, 1
   5              		.eabi_attribute 21, 1
   6              		.eabi_attribute 23, 3
   7              		.eabi_attribute 24, 1
   8              		.eabi_attribute 25, 1
   9              		.eabi_attribute 26, 1
  10              		.eabi_attribute 30, 1
  11              		.eabi_attribute 34, 1
  12              		.eabi_attribute 18, 4
  13              		.file	"stm32f1xx_hal_gpio.c"
  14              		.text
  15              		.section	.text.HAL_GPIO_Init,"ax",%progbits
  16              		.align	1
  17              		.global	HAL_GPIO_Init
  18              		.syntax unified
  19              		.thumb
  20              		.thumb_func
  22              	HAL_GPIO_Init:
  23              		@ args = 0, pretend = 0, frame = 8
  24              		@ frame_needed = 0, uses_anonymous_args = 0
  25 0000 70B5     		push	{r4, r5, r6, lr}
  26 0002 82B0     		sub	sp, sp, #8
  27 0004 0024     		movs	r4, #0
  28 0006 A446     		mov	ip, r4
  29 0008 A1E0     		b	.L2
  30              	.L4:
  31 000a 7E4D     		ldr	r5, .L38
  32 000c AB42     		cmp	r3, r5
  33 000e 14D0     		beq	.L12
  34 0010 0CD8     		bhi	.L13
  35 0012 A5F58015 		sub	r5, r5, #1048576
  36 0016 AB42     		cmp	r3, r5
  37 0018 0FD0     		beq	.L12
  38 001a 05F57025 		add	r5, r5, #983040
  39 001e AB42     		cmp	r3, r5
  40 0020 0BD0     		beq	.L12
  41 0022 A5F58015 		sub	r5, r5, #1048576
  42 0026 AB42     		cmp	r3, r5
  43 0028 10D1     		bne	.L9
  44 002a 06E0     		b	.L12
  45              	.L13:
  46 002c 764D     		ldr	r5, .L38+4
  47 002e AB42     		cmp	r3, r5
  48 0030 03D0     		beq	.L12
  49 0032 05F58035 		add	r5, r5, #65536
  50 0036 AB42     		cmp	r3, r5
  51 0038 08D1     		bne	.L9
  52              	.L12:
  53 003a 8B68     		ldr	r3, [r1, #8]
  54 003c 002B     		cmp	r3, #0
  55 003e 50D0     		beq	.L27
  56 0040 012B     		cmp	r3, #1
  57 0042 49D0     		beq	.L35
  58 0044 4261     		str	r2, [r0, #20]
ARM GAS  /tmp/ccXcr4pK.s 			page 2


  59 0046 0824     		movs	r4, #8
  60 0048 00E0     		b	.L9
  61              	.L11:
  62 004a CC68     		ldr	r4, [r1, #12]
  63              	.L9:
  64 004c BEF1FF0F 		cmp	lr, #255
  65 0050 49D8     		bhi	.L15
  66 0052 0646     		mov	r6, r0
  67 0054 4FEA8C02 		lsl	r2, ip, #2
  68              	.L16:
  69 0058 3368     		ldr	r3, [r6]
  70 005a 0F25     		movs	r5, #15
  71 005c 9540     		lsls	r5, r5, r2
  72 005e 23EA0503 		bic	r3, r3, r5
  73 0062 04FA02F2 		lsl	r2, r4, r2
  74 0066 1343     		orrs	r3, r3, r2
  75 0068 3360     		str	r3, [r6]
  76 006a 4B68     		ldr	r3, [r1, #4]
  77 006c 13F0805F 		tst	r3, #268435456
  78 0070 6BD0     		beq	.L3
  79 0072 664B     		ldr	r3, .L38+8
  80 0074 9A69     		ldr	r2, [r3, #24]
  81 0076 42F00102 		orr	r2, r2, #1
  82 007a 9A61     		str	r2, [r3, #24]
  83 007c 9B69     		ldr	r3, [r3, #24]
  84 007e 03F00103 		and	r3, r3, #1
  85 0082 0193     		str	r3, [sp, #4]
  86 0084 019B     		ldr	r3, [sp, #4]
  87 0086 4FEA9C02 		lsr	r2, ip, #2
  88 008a 951C     		adds	r5, r2, #2
  89 008c 604B     		ldr	r3, .L38+12
  90 008e 53F82560 		ldr	r6, [r3, r5, lsl #2]
  91 0092 0CF00305 		and	r5, ip, #3
  92 0096 AD00     		lsls	r5, r5, #2
  93 0098 0F23     		movs	r3, #15
  94 009a AB40     		lsls	r3, r3, r5
  95 009c 26EA0306 		bic	r6, r6, r3
  96 00a0 5C4B     		ldr	r3, .L38+16
  97 00a2 9842     		cmp	r0, r3
  98 00a4 26D0     		beq	.L28
  99 00a6 03F58063 		add	r3, r3, #1024
 100 00aa 9842     		cmp	r0, r3
 101 00ac 00F08C80 		beq	.L29
 102 00b0 03F58063 		add	r3, r3, #1024
 103 00b4 9842     		cmp	r0, r3
 104 00b6 00F08980 		beq	.L30
 105 00ba 03F58063 		add	r3, r3, #1024
 106 00be 9842     		cmp	r0, r3
 107 00c0 16D0     		beq	.L36
 108 00c2 0423     		movs	r3, #4
 109 00c4 17E0     		b	.L17
 110              	.L8:
 111 00c6 CC68     		ldr	r4, [r1, #12]
 112 00c8 0434     		adds	r4, r4, #4
 113 00ca BFE7     		b	.L9
 114              	.L10:
 115 00cc CC68     		ldr	r4, [r1, #12]
ARM GAS  /tmp/ccXcr4pK.s 			page 3


 116 00ce 0834     		adds	r4, r4, #8
 117 00d0 BCE7     		b	.L9
 118              	.L6:
 119 00d2 CC68     		ldr	r4, [r1, #12]
 120 00d4 0C34     		adds	r4, r4, #12
 121 00d6 B9E7     		b	.L9
 122              	.L35:
 123 00d8 0261     		str	r2, [r0, #16]
 124 00da 0824     		movs	r4, #8
 125 00dc B6E7     		b	.L9
 126              	.L26:
 127 00de 0024     		movs	r4, #0
 128 00e0 B4E7     		b	.L9
 129              	.L27:
 130 00e2 0424     		movs	r4, #4
 131 00e4 B2E7     		b	.L9
 132              	.L15:
 133 00e6 061D     		adds	r6, r0, #4
 134 00e8 ACF10802 		sub	r2, ip, #8
 135 00ec 9200     		lsls	r2, r2, #2
 136 00ee B3E7     		b	.L16
 137              	.L36:
 138 00f0 0323     		movs	r3, #3
 139 00f2 00E0     		b	.L17
 140              	.L28:
 141 00f4 0023     		movs	r3, #0
 142              	.L17:
 143 00f6 AB40     		lsls	r3, r3, r5
 144 00f8 3343     		orrs	r3, r3, r6
 145 00fa 0232     		adds	r2, r2, #2
 146 00fc 444D     		ldr	r5, .L38+12
 147 00fe 45F82230 		str	r3, [r5, r2, lsl #2]
 148 0102 4B68     		ldr	r3, [r1, #4]
 149 0104 13F4801F 		tst	r3, #1048576
 150 0108 62D0     		beq	.L18
 151 010a 434A     		ldr	r2, .L38+20
 152 010c 9368     		ldr	r3, [r2, #8]
 153 010e 43EA0E03 		orr	r3, r3, lr
 154 0112 9360     		str	r3, [r2, #8]
 155              	.L19:
 156 0114 4B68     		ldr	r3, [r1, #4]
 157 0116 13F4001F 		tst	r3, #2097152
 158 011a 5FD0     		beq	.L20
 159 011c 3E4A     		ldr	r2, .L38+20
 160 011e D368     		ldr	r3, [r2, #12]
 161 0120 43EA0E03 		orr	r3, r3, lr
 162 0124 D360     		str	r3, [r2, #12]
 163              	.L21:
 164 0126 4B68     		ldr	r3, [r1, #4]
 165 0128 13F4003F 		tst	r3, #131072
 166 012c 5CD0     		beq	.L22
 167 012e 3A4A     		ldr	r2, .L38+20
 168 0130 5368     		ldr	r3, [r2, #4]
 169 0132 43EA0E03 		orr	r3, r3, lr
 170 0136 5360     		str	r3, [r2, #4]
 171              	.L23:
 172 0138 4B68     		ldr	r3, [r1, #4]
ARM GAS  /tmp/ccXcr4pK.s 			page 4


 173 013a 13F4803F 		tst	r3, #65536
 174 013e 59D0     		beq	.L24
 175 0140 354A     		ldr	r2, .L38+20
 176 0142 1368     		ldr	r3, [r2]
 177 0144 43EA0E03 		orr	r3, r3, lr
 178 0148 1360     		str	r3, [r2]
 179              	.L3:
 180 014a 0CF1010C 		add	ip, ip, #1
 181              	.L2:
 182 014e 0B68     		ldr	r3, [r1]
 183 0150 33FA0CF2 		lsrs	r2, r3, ip
 184 0154 54D0     		beq	.L37
 185 0156 0122     		movs	r2, #1
 186 0158 02FA0CF2 		lsl	r2, r2, ip
 187 015c 03EA020E 		and	lr, r3, r2
 188 0160 32EA0303 		bics	r3, r2, r3
 189 0164 F1D1     		bne	.L3
 190 0166 4B68     		ldr	r3, [r1, #4]
 191 0168 122B     		cmp	r3, #18
 192 016a 3FF64EAF 		bhi	.L4
 193 016e 122B     		cmp	r3, #18
 194 0170 3FF66CAF 		bhi	.L9
 195 0174 01A5     		adr	r5, .L7
 196 0176 55F823F0 		ldr	pc, [r5, r3, lsl #2]
 197 017a 00BF     		.p2align 2
 198              	.L7:
 199 017c 3B000000 		.word	.L12+1
 200 0180 4B000000 		.word	.L11+1
 201 0184 CD000000 		.word	.L10+1
 202 0188 DF000000 		.word	.L26+1
 203 018c 4D000000 		.word	.L9+1
 204 0190 4D000000 		.word	.L9+1
 205 0194 4D000000 		.word	.L9+1
 206 0198 4D000000 		.word	.L9+1
 207 019c 4D000000 		.word	.L9+1
 208 01a0 4D000000 		.word	.L9+1
 209 01a4 4D000000 		.word	.L9+1
 210 01a8 4D000000 		.word	.L9+1
 211 01ac 4D000000 		.word	.L9+1
 212 01b0 4D000000 		.word	.L9+1
 213 01b4 4D000000 		.word	.L9+1
 214 01b8 4D000000 		.word	.L9+1
 215 01bc 4D000000 		.word	.L9+1
 216 01c0 C7000000 		.word	.L8+1
 217 01c4 D3000000 		.word	.L6+1
 218              		.p2align 1
 219              	.L29:
 220 01c8 0123     		movs	r3, #1
 221 01ca 94E7     		b	.L17
 222              	.L30:
 223 01cc 0223     		movs	r3, #2
 224 01ce 92E7     		b	.L17
 225              	.L18:
 226 01d0 114A     		ldr	r2, .L38+20
 227 01d2 9368     		ldr	r3, [r2, #8]
 228 01d4 23EA0E03 		bic	r3, r3, lr
 229 01d8 9360     		str	r3, [r2, #8]
ARM GAS  /tmp/ccXcr4pK.s 			page 5


 230 01da 9BE7     		b	.L19
 231              	.L20:
 232 01dc 0E4A     		ldr	r2, .L38+20
 233 01de D368     		ldr	r3, [r2, #12]
 234 01e0 23EA0E03 		bic	r3, r3, lr
 235 01e4 D360     		str	r3, [r2, #12]
 236 01e6 9EE7     		b	.L21
 237              	.L22:
 238 01e8 0B4A     		ldr	r2, .L38+20
 239 01ea 5368     		ldr	r3, [r2, #4]
 240 01ec 23EA0E03 		bic	r3, r3, lr
 241 01f0 5360     		str	r3, [r2, #4]
 242 01f2 A1E7     		b	.L23
 243              	.L24:
 244 01f4 084A     		ldr	r2, .L38+20
 245 01f6 1368     		ldr	r3, [r2]
 246 01f8 23EA0E03 		bic	r3, r3, lr
 247 01fc 1360     		str	r3, [r2]
 248 01fe A4E7     		b	.L3
 249              	.L37:
 250 0200 02B0     		add	sp, sp, #8
 251              		@ sp needed
 252 0202 70BD     		pop	{r4, r5, r6, pc}
 253              	.L39:
 254              		.align	2
 255              	.L38:
 256 0204 00002210 		.word	270663680
 257 0208 00003110 		.word	271646720
 258 020c 00100240 		.word	1073876992
 259 0210 00000140 		.word	1073807360
 260 0214 00080140 		.word	1073809408
 261 0218 00040140 		.word	1073808384
 263              		.section	.text.HAL_GPIO_DeInit,"ax",%progbits
 264              		.align	1
 265              		.global	HAL_GPIO_DeInit
 266              		.syntax unified
 267              		.thumb
 268              		.thumb_func
 270              	HAL_GPIO_DeInit:
 271              		@ args = 0, pretend = 0, frame = 0
 272              		@ frame_needed = 0, uses_anonymous_args = 0
 273 0000 0022     		movs	r2, #0
 274 0002 6BE0     		b	.L53
 275              	.L60:
 276 0004 0325     		movs	r5, #3
 277 0006 00E0     		b	.L43
 278              	.L48:
 279 0008 0025     		movs	r5, #0
 280              	.L43:
 281 000a 05FA04F4 		lsl	r4, r5, r4
 282 000e 6445     		cmp	r4, ip
 283 0010 42D0     		beq	.L58
 284              	.L44:
 285 0012 FF2B     		cmp	r3, #255
 286 0014 5AD8     		bhi	.L45
 287 0016 8646     		mov	lr, r0
 288 0018 9500     		lsls	r5, r2, #2
ARM GAS  /tmp/ccXcr4pK.s 			page 6


 289              	.L46:
 290 001a DEF80040 		ldr	r4, [lr]
 291 001e 4FF00F0C 		mov	ip, #15
 292 0022 0CFA05FC 		lsl	ip, ip, r5
 293 0026 24EA0C04 		bic	r4, r4, ip
 294 002a 4FF0040C 		mov	ip, #4
 295 002e 0CFA05FC 		lsl	ip, ip, r5
 296 0032 44EA0C04 		orr	r4, r4, ip
 297 0036 CEF80040 		str	r4, [lr]
 298 003a C468     		ldr	r4, [r0, #12]
 299 003c 24EA0303 		bic	r3, r4, r3
 300 0040 C360     		str	r3, [r0, #12]
 301              	.L42:
 302 0042 0132     		adds	r2, r2, #1
 303 0044 31FA02F3 		lsrs	r3, r1, r2
 304 0048 46D0     		beq	.L59
 305 004a 0123     		movs	r3, #1
 306 004c 9340     		lsls	r3, r3, r2
 307 004e 0B40     		ands	r3, r3, r1
 308 0050 F7D0     		beq	.L42
 309              	.L54:
 310 0052 9608     		lsrs	r6, r2, #2
 311 0054 B51C     		adds	r5, r6, #2
 312 0056 264C     		ldr	r4, .L63
 313 0058 54F82550 		ldr	r5, [r4, r5, lsl #2]
 314 005c 02F00304 		and	r4, r2, #3
 315 0060 A400     		lsls	r4, r4, #2
 316 0062 4FF00F0C 		mov	ip, #15
 317 0066 0CFA04FE 		lsl	lr, ip, r4
 318 006a 0EEA050C 		and	ip, lr, r5
 319 006e 214D     		ldr	r5, .L63+4
 320 0070 A842     		cmp	r0, r5
 321 0072 C9D0     		beq	.L48
 322 0074 05F58065 		add	r5, r5, #1024
 323 0078 A842     		cmp	r0, r5
 324 007a 09D0     		beq	.L49
 325 007c 05F58065 		add	r5, r5, #1024
 326 0080 A842     		cmp	r0, r5
 327 0082 07D0     		beq	.L50
 328 0084 05F58065 		add	r5, r5, #1024
 329 0088 A842     		cmp	r0, r5
 330 008a BBD0     		beq	.L60
 331 008c 0425     		movs	r5, #4
 332 008e BCE7     		b	.L43
 333              	.L49:
 334 0090 0125     		movs	r5, #1
 335 0092 BAE7     		b	.L43
 336              	.L50:
 337 0094 0225     		movs	r5, #2
 338 0096 B8E7     		b	.L43
 339              	.L58:
 340 0098 174C     		ldr	r4, .L63+8
 341 009a 2568     		ldr	r5, [r4]
 342 009c 25EA0305 		bic	r5, r5, r3
 343 00a0 2560     		str	r5, [r4]
 344 00a2 6568     		ldr	r5, [r4, #4]
 345 00a4 25EA0305 		bic	r5, r5, r3
ARM GAS  /tmp/ccXcr4pK.s 			page 7


 346 00a8 6560     		str	r5, [r4, #4]
 347 00aa E568     		ldr	r5, [r4, #12]
 348 00ac 25EA0305 		bic	r5, r5, r3
 349 00b0 E560     		str	r5, [r4, #12]
 350 00b2 A568     		ldr	r5, [r4, #8]
 351 00b4 25EA0305 		bic	r5, r5, r3
 352 00b8 A560     		str	r5, [r4, #8]
 353 00ba 0D4F     		ldr	r7, .L63
 354 00bc B41C     		adds	r4, r6, #2
 355 00be 57F82450 		ldr	r5, [r7, r4, lsl #2]
 356 00c2 25EA0E05 		bic	r5, r5, lr
 357 00c6 47F82450 		str	r5, [r7, r4, lsl #2]
 358 00ca A2E7     		b	.L44
 359              	.L45:
 360 00cc 00F1040E 		add	lr, r0, #4
 361 00d0 A2F10805 		sub	r5, r2, #8
 362 00d4 AD00     		lsls	r5, r5, #2
 363 00d6 A0E7     		b	.L46
 364              	.L59:
 365 00d8 F0BD     		pop	{r4, r5, r6, r7, pc}
 366              	.L62:
 367 00da 0132     		adds	r2, r2, #1
 368              	.L53:
 369 00dc 31FA02F3 		lsrs	r3, r1, r2
 370 00e0 05D0     		beq	.L61
 371 00e2 0123     		movs	r3, #1
 372 00e4 9340     		lsls	r3, r3, r2
 373 00e6 0B40     		ands	r3, r3, r1
 374 00e8 F7D0     		beq	.L62
 375 00ea F0B5     		push	{r4, r5, r6, r7, lr}
 376 00ec B1E7     		b	.L54
 377              	.L61:
 378 00ee 7047     		bx	lr
 379              	.L64:
 380              		.align	2
 381              	.L63:
 382 00f0 00000140 		.word	1073807360
 383 00f4 00080140 		.word	1073809408
 384 00f8 00040140 		.word	1073808384
 386              		.section	.text.HAL_GPIO_ReadPin,"ax",%progbits
 387              		.align	1
 388              		.global	HAL_GPIO_ReadPin
 389              		.syntax unified
 390              		.thumb
 391              		.thumb_func
 393              	HAL_GPIO_ReadPin:
 394              		@ args = 0, pretend = 0, frame = 0
 395              		@ frame_needed = 0, uses_anonymous_args = 0
 396              		@ link register save eliminated.
 397 0000 8368     		ldr	r3, [r0, #8]
 398 0002 1942     		tst	r1, r3
 399 0004 01D0     		beq	.L67
 400 0006 0120     		movs	r0, #1
 401 0008 7047     		bx	lr
 402              	.L67:
 403 000a 0020     		movs	r0, #0
 404 000c 7047     		bx	lr
ARM GAS  /tmp/ccXcr4pK.s 			page 8


 406              		.section	.text.HAL_GPIO_WritePin,"ax",%progbits
 407              		.align	1
 408              		.global	HAL_GPIO_WritePin
 409              		.syntax unified
 410              		.thumb
 411              		.thumb_func
 413              	HAL_GPIO_WritePin:
 414              		@ args = 0, pretend = 0, frame = 0
 415              		@ frame_needed = 0, uses_anonymous_args = 0
 416              		@ link register save eliminated.
 417 0000 0AB1     		cbz	r2, .L69
 418 0002 0161     		str	r1, [r0, #16]
 419 0004 7047     		bx	lr
 420              	.L69:
 421 0006 0904     		lsls	r1, r1, #16
 422 0008 0161     		str	r1, [r0, #16]
 423 000a 7047     		bx	lr
 425              		.section	.text.HAL_GPIO_TogglePin,"ax",%progbits
 426              		.align	1
 427              		.global	HAL_GPIO_TogglePin
 428              		.syntax unified
 429              		.thumb
 430              		.thumb_func
 432              	HAL_GPIO_TogglePin:
 433              		@ args = 0, pretend = 0, frame = 0
 434              		@ frame_needed = 0, uses_anonymous_args = 0
 435              		@ link register save eliminated.
 436 0000 C368     		ldr	r3, [r0, #12]
 437 0002 01EA0302 		and	r2, r1, r3
 438 0006 21EA0301 		bic	r1, r1, r3
 439 000a 41EA0241 		orr	r1, r1, r2, lsl #16
 440 000e 0161     		str	r1, [r0, #16]
 441 0010 7047     		bx	lr
 443              		.section	.text.HAL_GPIO_LockPin,"ax",%progbits
 444              		.align	1
 445              		.global	HAL_GPIO_LockPin
 446              		.syntax unified
 447              		.thumb
 448              		.thumb_func
 450              	HAL_GPIO_LockPin:
 451              		@ args = 0, pretend = 0, frame = 8
 452              		@ frame_needed = 0, uses_anonymous_args = 0
 453              		@ link register save eliminated.
 454 0000 82B0     		sub	sp, sp, #8
 455 0002 4FF48033 		mov	r3, #65536
 456 0006 0193     		str	r3, [sp, #4]
 457 0008 019B     		ldr	r3, [sp, #4]
 458 000a 0B43     		orrs	r3, r3, r1
 459 000c 0193     		str	r3, [sp, #4]
 460 000e 019B     		ldr	r3, [sp, #4]
 461 0010 8361     		str	r3, [r0, #24]
 462 0012 8161     		str	r1, [r0, #24]
 463 0014 019B     		ldr	r3, [sp, #4]
 464 0016 8361     		str	r3, [r0, #24]
 465 0018 8369     		ldr	r3, [r0, #24]
 466 001a 0193     		str	r3, [sp, #4]
 467 001c 8369     		ldr	r3, [r0, #24]
ARM GAS  /tmp/ccXcr4pK.s 			page 9


 468 001e 13F4803F 		tst	r3, #65536
 469 0022 02D0     		beq	.L74
 470 0024 0020     		movs	r0, #0
 471              	.L73:
 472 0026 02B0     		add	sp, sp, #8
 473              		@ sp needed
 474 0028 7047     		bx	lr
 475              	.L74:
 476 002a 0120     		movs	r0, #1
 477 002c FBE7     		b	.L73
 479              		.section	.text.HAL_GPIO_EXTI_Callback,"ax",%progbits
 480              		.align	1
 481              		.weak	HAL_GPIO_EXTI_Callback
 482              		.syntax unified
 483              		.thumb
 484              		.thumb_func
 486              	HAL_GPIO_EXTI_Callback:
 487              		@ args = 0, pretend = 0, frame = 0
 488              		@ frame_needed = 0, uses_anonymous_args = 0
 489              		@ link register save eliminated.
 490 0000 7047     		bx	lr
 492              		.section	.text.HAL_GPIO_EXTI_IRQHandler,"ax",%progbits
 493              		.align	1
 494              		.global	HAL_GPIO_EXTI_IRQHandler
 495              		.syntax unified
 496              		.thumb
 497              		.thumb_func
 499              	HAL_GPIO_EXTI_IRQHandler:
 500              		@ args = 0, pretend = 0, frame = 0
 501              		@ frame_needed = 0, uses_anonymous_args = 0
 502 0000 08B5     		push	{r3, lr}
 503 0002 054B     		ldr	r3, .L81
 504 0004 5B69     		ldr	r3, [r3, #20]
 505 0006 0342     		tst	r3, r0
 506 0008 00D1     		bne	.L80
 507              	.L77:
 508 000a 08BD     		pop	{r3, pc}
 509              	.L80:
 510 000c 024B     		ldr	r3, .L81
 511 000e 5861     		str	r0, [r3, #20]
 512 0010 FFF7FEFF 		bl	HAL_GPIO_EXTI_Callback
 513 0014 F9E7     		b	.L77
 514              	.L82:
 515 0016 00BF     		.align	2
 516              	.L81:
 517 0018 00040140 		.word	1073808384
 519              		.ident	"GCC: (15:13.3.rel1-1) 13.3.1 20240614"
ARM GAS  /tmp/ccXcr4pK.s 			page 10


DEFINED SYMBOLS
                            *ABS*:00000000 stm32f1xx_hal_gpio.c
     /tmp/ccXcr4pK.s:16     .text.HAL_GPIO_Init:00000000 $t
     /tmp/ccXcr4pK.s:22     .text.HAL_GPIO_Init:00000000 HAL_GPIO_Init
     /tmp/ccXcr4pK.s:199    .text.HAL_GPIO_Init:0000017c $d
     /tmp/ccXcr4pK.s:218    .text.HAL_GPIO_Init:000001c8 $t
     /tmp/ccXcr4pK.s:256    .text.HAL_GPIO_Init:00000204 $d
     /tmp/ccXcr4pK.s:264    .text.HAL_GPIO_DeInit:00000000 $t
     /tmp/ccXcr4pK.s:270    .text.HAL_GPIO_DeInit:00000000 HAL_GPIO_DeInit
     /tmp/ccXcr4pK.s:382    .text.HAL_GPIO_DeInit:000000f0 $d
     /tmp/ccXcr4pK.s:387    .text.HAL_GPIO_ReadPin:00000000 $t
     /tmp/ccXcr4pK.s:393    .text.HAL_GPIO_ReadPin:00000000 HAL_GPIO_ReadPin
     /tmp/ccXcr4pK.s:407    .text.HAL_GPIO_WritePin:00000000 $t
     /tmp/ccXcr4pK.s:413    .text.HAL_GPIO_WritePin:00000000 HAL_GPIO_WritePin
     /tmp/ccXcr4pK.s:426    .text.HAL_GPIO_TogglePin:00000000 $t
     /tmp/ccXcr4pK.s:432    .text.HAL_GPIO_TogglePin:00000000 HAL_GPIO_TogglePin
     /tmp/ccXcr4pK.s:444    .text.HAL_GPIO_LockPin:00000000 $t
     /tmp/ccXcr4pK.s:450    .text.HAL_GPIO_LockPin:00000000 HAL_GPIO_LockPin
     /tmp/ccXcr4pK.s:480    .text.HAL_GPIO_EXTI_Callback:00000000 $t
     /tmp/ccXcr4pK.s:486    .text.HAL_GPIO_EXTI_Callback:00000000 HAL_GPIO_EXTI_Callback
     /tmp/ccXcr4pK.s:493    .text.HAL_GPIO_EXTI_IRQHandler:00000000 $t
     /tmp/ccXcr4pK.s:499    .text.HAL_GPIO_EXTI_IRQHandler:00000000 HAL_GPIO_EXTI_IRQHandler
     /tmp/ccXcr4pK.s:517    .text.HAL_GPIO_EXTI_IRQHandler:00000018 $d

NO UNDEFINED SYMBOLS
