ARM GAS  /tmp/ccQEOwbz.s 			page 1


   1              		.cpu cortex-m3
   2              		.arch armv7-m
   3              		.fpu softvfp
   4              		.eabi_attribute 20, 1
   5              		.eabi_attribute 21, 1
   6              		.eabi_attribute 23, 3
   7              		.eabi_attribute 24, 1
   8              		.eabi_attribute 25, 1
   9              		.eabi_attribute 26, 1
  10              		.eabi_attribute 30, 1
  11              		.eabi_attribute 34, 1
  12              		.eabi_attribute 18, 4
  13              		.file	"sysmem.c"
  14              		.text
  15              		.section	.text._sbrk,"ax",%progbits
  16              		.align	1
  17              		.global	_sbrk
  18              		.syntax unified
  19              		.thumb
  20              		.thumb_func
  22              	_sbrk:
  23              		@ args = 0, pretend = 0, frame = 0
  24              		@ frame_needed = 0, uses_anonymous_args = 0
  25 0000 10B5     		push	{r4, lr}
  26 0002 0346     		mov	r3, r0
  27 0004 0C4A     		ldr	r2, .L8
  28 0006 0D49     		ldr	r1, .L8+4
  29 0008 0D48     		ldr	r0, .L8+8
  30 000a 0068     		ldr	r0, [r0]
  31 000c 40B1     		cbz	r0, .L6
  32              	.L2:
  33 000e 0C48     		ldr	r0, .L8+8
  34 0010 0068     		ldr	r0, [r0]
  35 0012 0344     		add	r3, r3, r0
  36 0014 521A     		subs	r2, r2, r1
  37 0016 9342     		cmp	r3, r2
  38 0018 06D8     		bhi	.L7
  39 001a 094A     		ldr	r2, .L8+8
  40 001c 1360     		str	r3, [r2]
  41              	.L1:
  42 001e 10BD     		pop	{r4, pc}
  43              	.L6:
  44 0020 0748     		ldr	r0, .L8+8
  45 0022 084C     		ldr	r4, .L8+12
  46 0024 0460     		str	r4, [r0]
  47 0026 F2E7     		b	.L2
  48              	.L7:
  49 0028 FFF7FEFF 		bl	__errno
  50 002c 0C23     		movs	r3, #12
  51 002e 0360     		str	r3, [r0]
  52 0030 4FF0FF30 		mov	r0, #-1
  53 0034 F3E7     		b	.L1
  54              	.L9:
  55 0036 00BF     		.align	2
  56              	.L8:
  57 0038 00000000 		.word	_estack
  58 003c 00000000 		.word	_Min_Stack_Size
ARM GAS  /tmp/ccQEOwbz.s 			page 2


  59 0040 00000000 		.word	__sbrk_heap_end
  60 0044 00000000 		.word	_end
  62              		.section	.bss.__sbrk_heap_end,"aw",%nobits
  63              		.align	2
  66              	__sbrk_heap_end:
  67 0000 00000000 		.space	4
  68              		.ident	"GCC: (15:13.3.rel1-1) 13.3.1 20240614"
ARM GAS  /tmp/ccQEOwbz.s 			page 3


DEFINED SYMBOLS
                            *ABS*:00000000 sysmem.c
     /tmp/ccQEOwbz.s:16     .text._sbrk:00000000 $t
     /tmp/ccQEOwbz.s:22     .text._sbrk:00000000 _sbrk
     /tmp/ccQEOwbz.s:57     .text._sbrk:00000038 $d
     /tmp/ccQEOwbz.s:66     .bss.__sbrk_heap_end:00000000 __sbrk_heap_end
     /tmp/ccQEOwbz.s:63     .bss.__sbrk_heap_end:00000000 $d

UNDEFINED SYMBOLS
__errno
_estack
_Min_Stack_Size
_end
