ARM GAS  /tmp/ccAwBlcw.s 			page 1


   1              		.cpu cortex-m3
   2              		.arch armv7-m
   3              		.fpu softvfp
   4              		.eabi_attribute 20, 1
   5              		.eabi_attribute 21, 1
   6              		.eabi_attribute 23, 3
   7              		.eabi_attribute 24, 1
   8              		.eabi_attribute 25, 1
   9              		.eabi_attribute 26, 1
  10              		.eabi_attribute 30, 1
  11              		.eabi_attribute 34, 1
  12              		.eabi_attribute 18, 4
  13              		.file	"system_stm32f1xx.c"
  14              		.text
  15              		.section	.text.SystemInit,"ax",%progbits
  16              		.align	1
  17              		.global	SystemInit
  18              		.syntax unified
  19              		.thumb
  20              		.thumb_func
  22              	SystemInit:
  23              		@ args = 0, pretend = 0, frame = 0
  24              		@ frame_needed = 0, uses_anonymous_args = 0
  25              		@ link register save eliminated.
  26 0000 7047     		bx	lr
  28              		.section	.text.SystemCoreClockUpdate,"ax",%progbits
  29              		.align	1
  30              		.global	SystemCoreClockUpdate
  31              		.syntax unified
  32              		.thumb
  33              		.thumb_func
  35              	SystemCoreClockUpdate:
  36              		@ args = 0, pretend = 0, frame = 0
  37              		@ frame_needed = 0, uses_anonymous_args = 0
  38              		@ link register save eliminated.
  39 0000 1F4B     		ldr	r3, .L9
  40 0002 5B68     		ldr	r3, [r3, #4]
  41 0004 03F00C03 		and	r3, r3, #12
  42 0008 042B     		cmp	r3, #4
  43 000a 11D0     		beq	.L3
  44 000c 082B     		cmp	r3, #8
  45 000e 13D0     		beq	.L4
  46 0010 002B     		cmp	r3, #0
  47 0012 31D1     		bne	.L5
  48 0014 1B4B     		ldr	r3, .L9+4
  49 0016 1C4A     		ldr	r2, .L9+8
  50 0018 1A60     		str	r2, [r3]
  51              	.L6:
  52 001a 194B     		ldr	r3, .L9
  53 001c 5B68     		ldr	r3, [r3, #4]
  54 001e C3F30313 		ubfx	r3, r3, #4, #4
  55 0022 1A4A     		ldr	r2, .L9+12
  56 0024 D15C     		ldrb	r1, [r2, r3]	@ zero_extendqisi2
  57 0026 174A     		ldr	r2, .L9+4
  58 0028 1368     		ldr	r3, [r2]
  59 002a CB40     		lsrs	r3, r3, r1
  60 002c 1360     		str	r3, [r2]
ARM GAS  /tmp/ccAwBlcw.s 			page 2


  61 002e 7047     		bx	lr
  62              	.L3:
  63 0030 144B     		ldr	r3, .L9+4
  64 0032 154A     		ldr	r2, .L9+8
  65 0034 1A60     		str	r2, [r3]
  66 0036 F0E7     		b	.L6
  67              	.L4:
  68 0038 114A     		ldr	r2, .L9
  69 003a 5368     		ldr	r3, [r2, #4]
  70 003c 5268     		ldr	r2, [r2, #4]
  71 003e C3F38343 		ubfx	r3, r3, #18, #4
  72 0042 0233     		adds	r3, r3, #2
  73 0044 12F4803F 		tst	r2, #65536
  74 0048 05D1     		bne	.L7
  75 004a 114A     		ldr	r2, .L9+16
  76 004c 02FB03F3 		mul	r3, r2, r3
  77 0050 0C4A     		ldr	r2, .L9+4
  78 0052 1360     		str	r3, [r2]
  79 0054 E1E7     		b	.L6
  80              	.L7:
  81 0056 0A4A     		ldr	r2, .L9
  82 0058 5268     		ldr	r2, [r2, #4]
  83 005a 12F4003F 		tst	r2, #131072
  84 005e 05D0     		beq	.L8
  85 0060 0B4A     		ldr	r2, .L9+16
  86 0062 02FB03F3 		mul	r3, r2, r3
  87 0066 074A     		ldr	r2, .L9+4
  88 0068 1360     		str	r3, [r2]
  89 006a D6E7     		b	.L6
  90              	.L8:
  91 006c 064A     		ldr	r2, .L9+8
  92 006e 02FB03F3 		mul	r3, r2, r3
  93 0072 044A     		ldr	r2, .L9+4
  94 0074 1360     		str	r3, [r2]
  95 0076 D0E7     		b	.L6
  96              	.L5:
  97 0078 024B     		ldr	r3, .L9+4
  98 007a 034A     		ldr	r2, .L9+8
  99 007c 1A60     		str	r2, [r3]
 100 007e CCE7     		b	.L6
 101              	.L10:
 102              		.align	2
 103              	.L9:
 104 0080 00100240 		.word	1073876992
 105 0084 00000000 		.word	SystemCoreClock
 106 0088 00127A00 		.word	8000000
 107 008c 00000000 		.word	AHBPrescTable
 108 0090 00093D00 		.word	4000000
 110              		.global	APBPrescTable
 111              		.section	.rodata.APBPrescTable,"a"
 112              		.align	2
 115              	APBPrescTable:
 116 0000 00000000 		.ascii	"\000\000\000\000\001\002\003\004"
 116      01020304 
 117              		.global	AHBPrescTable
 118              		.section	.rodata.AHBPrescTable,"a"
 119              		.align	2
ARM GAS  /tmp/ccAwBlcw.s 			page 3


 122              	AHBPrescTable:
 123 0000 00000000 		.ascii	"\000\000\000\000\000\000\000\000\001\002\003\004\006"
 123      00000000 
 123      01020304 
 123      06
 124 000d 070809   		.ascii	"\007\010\011"
 125              		.global	SystemCoreClock
 126              		.section	.data.SystemCoreClock,"aw"
 127              		.align	2
 130              	SystemCoreClock:
 131 0000 00127A00 		.word	8000000
 132              		.ident	"GCC: (15:13.3.rel1-1) 13.3.1 20240614"
ARM GAS  /tmp/ccAwBlcw.s 			page 4


DEFINED SYMBOLS
                            *ABS*:00000000 system_stm32f1xx.c
     /tmp/ccAwBlcw.s:16     .text.SystemInit:00000000 $t
     /tmp/ccAwBlcw.s:22     .text.SystemInit:00000000 SystemInit
     /tmp/ccAwBlcw.s:29     .text.SystemCoreClockUpdate:00000000 $t
     /tmp/ccAwBlcw.s:35     .text.SystemCoreClockUpdate:00000000 SystemCoreClockUpdate
     /tmp/ccAwBlcw.s:104    .text.SystemCoreClockUpdate:00000080 $d
     /tmp/ccAwBlcw.s:130    .data.SystemCoreClock:00000000 SystemCoreClock
     /tmp/ccAwBlcw.s:122    .rodata.AHBPrescTable:00000000 AHBPrescTable
     /tmp/ccAwBlcw.s:115    .rodata.APBPrescTable:00000000 APBPrescTable
     /tmp/ccAwBlcw.s:112    .rodata.APBPrescTable:00000000 $d
     /tmp/ccAwBlcw.s:119    .rodata.AHBPrescTable:00000000 $d
     /tmp/ccAwBlcw.s:127    .data.SystemCoreClock:00000000 $d

NO UNDEFINED SYMBOLS
