ARM GAS  /tmp/ccnxjbIk.s 			page 1


   1              		.cpu cortex-m3
   2              		.arch armv7-m
   3              		.fpu softvfp
   4              		.eabi_attribute 20, 1
   5              		.eabi_attribute 21, 1
   6              		.eabi_attribute 23, 3
   7              		.eabi_attribute 24, 1
   8              		.eabi_attribute 25, 1
   9              		.eabi_attribute 26, 1
  10              		.eabi_attribute 30, 1
  11              		.eabi_attribute 34, 1
  12              		.eabi_attribute 18, 4
  13              		.file	"usbd_cdc_if.c"
  14              		.text
  15              		.section	.text.CDC_DeInit_FS,"ax",%progbits
  16              		.align	1
  17              		.syntax unified
  18              		.thumb
  19              		.thumb_func
  21              	CDC_DeInit_FS:
  22              		@ args = 0, pretend = 0, frame = 0
  23              		@ frame_needed = 0, uses_anonymous_args = 0
  24              		@ link register save eliminated.
  25 0000 0020     		movs	r0, #0
  26 0002 7047     		bx	lr
  28              		.section	.text.CDC_Control_FS,"ax",%progbits
  29              		.align	1
  30              		.syntax unified
  31              		.thumb
  32              		.thumb_func
  34              	CDC_Control_FS:
  35              		@ args = 0, pretend = 0, frame = 0
  36              		@ frame_needed = 0, uses_anonymous_args = 0
  37              		@ link register save eliminated.
  38 0000 0020     		movs	r0, #0
  39 0002 7047     		bx	lr
  41              		.section	.text.CDC_Receive_FS,"ax",%progbits
  42              		.align	1
  43              		.syntax unified
  44              		.thumb
  45              		.thumb_func
  47              	CDC_Receive_FS:
  48              		@ args = 0, pretend = 0, frame = 0
  49              		@ frame_needed = 0, uses_anonymous_args = 0
  50 0000 10B5     		push	{r4, lr}
  51 0002 0146     		mov	r1, r0
  52 0004 044C     		ldr	r4, .L5
  53 0006 2046     		mov	r0, r4
  54 0008 FFF7FEFF 		bl	USBD_CDC_SetRxBuffer
  55 000c 2046     		mov	r0, r4
  56 000e FFF7FEFF 		bl	USBD_CDC_ReceivePacket
  57 0012 0020     		movs	r0, #0
  58 0014 10BD     		pop	{r4, pc}
  59              	.L6:
  60 0016 00BF     		.align	2
  61              	.L5:
  62 0018 00000000 		.word	hUsbDeviceFS
ARM GAS  /tmp/ccnxjbIk.s 			page 2


  64              		.section	.text.CDC_Init_FS,"ax",%progbits
  65              		.align	1
  66              		.syntax unified
  67              		.thumb
  68              		.thumb_func
  70              	CDC_Init_FS:
  71              		@ args = 0, pretend = 0, frame = 0
  72              		@ frame_needed = 0, uses_anonymous_args = 0
  73 0000 10B5     		push	{r4, lr}
  74 0002 064C     		ldr	r4, .L9
  75 0004 0022     		movs	r2, #0
  76 0006 0649     		ldr	r1, .L9+4
  77 0008 2046     		mov	r0, r4
  78 000a FFF7FEFF 		bl	USBD_CDC_SetTxBuffer
  79 000e 0549     		ldr	r1, .L9+8
  80 0010 2046     		mov	r0, r4
  81 0012 FFF7FEFF 		bl	USBD_CDC_SetRxBuffer
  82 0016 0020     		movs	r0, #0
  83 0018 10BD     		pop	{r4, pc}
  84              	.L10:
  85 001a 00BF     		.align	2
  86              	.L9:
  87 001c 00000000 		.word	hUsbDeviceFS
  88 0020 00000000 		.word	UserTxBufferFS
  89 0024 00000000 		.word	UserRxBufferFS
  91              		.section	.text.CDC_Transmit_FS,"ax",%progbits
  92              		.align	1
  93              		.global	CDC_Transmit_FS
  94              		.syntax unified
  95              		.thumb
  96              		.thumb_func
  98              	CDC_Transmit_FS:
  99              		@ args = 0, pretend = 0, frame = 0
 100              		@ frame_needed = 0, uses_anonymous_args = 0
 101 0000 094B     		ldr	r3, .L19
 102 0002 D3F8B832 		ldr	r3, [r3, #696]
 103 0006 D3F81432 		ldr	r3, [r3, #532]
 104 000a 0BB1     		cbz	r3, .L18
 105 000c 0120     		movs	r0, #1
 106 000e 7047     		bx	lr
 107              	.L18:
 108 0010 10B5     		push	{r4, lr}
 109 0012 054C     		ldr	r4, .L19
 110 0014 0A46     		mov	r2, r1
 111 0016 0146     		mov	r1, r0
 112 0018 2046     		mov	r0, r4
 113 001a FFF7FEFF 		bl	USBD_CDC_SetTxBuffer
 114 001e 2046     		mov	r0, r4
 115 0020 FFF7FEFF 		bl	USBD_CDC_TransmitPacket
 116 0024 10BD     		pop	{r4, pc}
 117              	.L20:
 118 0026 00BF     		.align	2
 119              	.L19:
 120 0028 00000000 		.word	hUsbDeviceFS
 122              		.global	USBD_Interface_fops_FS
 123              		.section	.data.USBD_Interface_fops_FS,"aw"
 124              		.align	2
ARM GAS  /tmp/ccnxjbIk.s 			page 3


 127              	USBD_Interface_fops_FS:
 128 0000 00000000 		.word	CDC_Init_FS
 129 0004 00000000 		.word	CDC_DeInit_FS
 130 0008 00000000 		.word	CDC_Control_FS
 131 000c 00000000 		.word	CDC_Receive_FS
 132              		.global	UserTxBufferFS
 133              		.section	.bss.UserTxBufferFS,"aw",%nobits
 134              		.align	2
 137              	UserTxBufferFS:
 138 0000 00000000 		.space	1024
 138      00000000 
 138      00000000 
 138      00000000 
 138      00000000 
 139              		.global	UserRxBufferFS
 140              		.section	.bss.UserRxBufferFS,"aw",%nobits
 141              		.align	2
 144              	UserRxBufferFS:
 145 0000 00000000 		.space	1024
 145      00000000 
 145      00000000 
 145      00000000 
 145      00000000 
 146              		.ident	"GCC: (15:13.3.rel1-1) 13.3.1 20240614"
ARM GAS  /tmp/ccnxjbIk.s 			page 4


DEFINED SYMBOLS
                            *ABS*:00000000 usbd_cdc_if.c
     /tmp/ccnxjbIk.s:16     .text.CDC_DeInit_FS:00000000 $t
     /tmp/ccnxjbIk.s:21     .text.CDC_DeInit_FS:00000000 CDC_DeInit_FS
     /tmp/ccnxjbIk.s:29     .text.CDC_Control_FS:00000000 $t
     /tmp/ccnxjbIk.s:34     .text.CDC_Control_FS:00000000 CDC_Control_FS
     /tmp/ccnxjbIk.s:42     .text.CDC_Receive_FS:00000000 $t
     /tmp/ccnxjbIk.s:47     .text.CDC_Receive_FS:00000000 CDC_Receive_FS
     /tmp/ccnxjbIk.s:62     .text.CDC_Receive_FS:00000018 $d
     /tmp/ccnxjbIk.s:65     .text.CDC_Init_FS:00000000 $t
     /tmp/ccnxjbIk.s:70     .text.CDC_Init_FS:00000000 CDC_Init_FS
     /tmp/ccnxjbIk.s:87     .text.CDC_Init_FS:0000001c $d
     /tmp/ccnxjbIk.s:137    .bss.UserTxBufferFS:00000000 UserTxBufferFS
     /tmp/ccnxjbIk.s:144    .bss.UserRxBufferFS:00000000 UserRxBufferFS
     /tmp/ccnxjbIk.s:92     .text.CDC_Transmit_FS:00000000 $t
     /tmp/ccnxjbIk.s:98     .text.CDC_Transmit_FS:00000000 CDC_Transmit_FS
     /tmp/ccnxjbIk.s:120    .text.CDC_Transmit_FS:00000028 $d
     /tmp/ccnxjbIk.s:127    .data.USBD_Interface_fops_FS:00000000 USBD_Interface_fops_FS
     /tmp/ccnxjbIk.s:124    .data.USBD_Interface_fops_FS:00000000 $d
     /tmp/ccnxjbIk.s:134    .bss.UserTxBufferFS:00000000 $d
     /tmp/ccnxjbIk.s:141    .bss.UserRxBufferFS:00000000 $d

UNDEFINED SYMBOLS
USBD_CDC_SetRxBuffer
USBD_CDC_ReceivePacket
hUsbDeviceFS
USBD_CDC_SetTxBuffer
USBD_CDC_TransmitPacket
