ARM GAS  /tmp/cckjZUFF.s 			page 1


   1              		.cpu cortex-m3
   2              		.arch armv7-m
   3              		.fpu softvfp
   4              		.eabi_attribute 20, 1
   5              		.eabi_attribute 21, 1
   6              		.eabi_attribute 23, 3
   7              		.eabi_attribute 24, 1
   8              		.eabi_attribute 25, 1
   9              		.eabi_attribute 26, 1
  10              		.eabi_attribute 30, 1
  11              		.eabi_attribute 34, 1
  12              		.eabi_attribute 18, 4
  13              		.file	"usbd_ctlreq.c"
  14              		.text
  15              		.section	.text.USBD_GetLen,"ax",%progbits
  16              		.align	1
  17              		.syntax unified
  18              		.thumb
  19              		.thumb_func
  21              	USBD_GetLen:
  22              		@ args = 0, pretend = 0, frame = 0
  23              		@ frame_needed = 0, uses_anonymous_args = 0
  24              		@ link register save eliminated.
  25 0000 0346     		mov	r3, r0
  26 0002 0020     		movs	r0, #0
  27 0004 02E0     		b	.L2
  28              	.L3:
  29 0006 0130     		adds	r0, r0, #1
  30 0008 C0B2     		uxtb	r0, r0
  31 000a 0133     		adds	r3, r3, #1
  32              	.L2:
  33 000c 1A78     		ldrb	r2, [r3]	@ zero_extendqisi2
  34 000e 002A     		cmp	r2, #0
  35 0010 F9D1     		bne	.L3
  36 0012 7047     		bx	lr
  38              		.section	.text.USBD_SetFeature,"ax",%progbits
  39              		.align	1
  40              		.syntax unified
  41              		.thumb
  42              		.thumb_func
  44              	USBD_SetFeature:
  45              		@ args = 0, pretend = 0, frame = 0
  46              		@ frame_needed = 0, uses_anonymous_args = 0
  47 0000 08B5     		push	{r3, lr}
  48 0002 4B88     		ldrh	r3, [r1, #2]
  49 0004 012B     		cmp	r3, #1
  50 0006 00D0     		beq	.L7
  51              	.L4:
  52 0008 08BD     		pop	{r3, pc}
  53              	.L7:
  54 000a C0F8A432 		str	r3, [r0, #676]
  55 000e FFF7FEFF 		bl	USBD_CtlSendStatus
  56 0012 F9E7     		b	.L4
  58              		.section	.text.USBD_ParseSetupRequest,"ax",%progbits
  59              		.align	1
  60              		.global	USBD_ParseSetupRequest
  61              		.syntax unified
ARM GAS  /tmp/cckjZUFF.s 			page 2


  62              		.thumb
  63              		.thumb_func
  65              	USBD_ParseSetupRequest:
  66              		@ args = 0, pretend = 0, frame = 0
  67              		@ frame_needed = 0, uses_anonymous_args = 0
  68              		@ link register save eliminated.
  69 0000 0B78     		ldrb	r3, [r1]	@ zero_extendqisi2
  70 0002 0370     		strb	r3, [r0]
  71 0004 4B78     		ldrb	r3, [r1, #1]	@ zero_extendqisi2
  72 0006 4370     		strb	r3, [r0, #1]
  73 0008 8B78     		ldrb	r3, [r1, #2]	@ zero_extendqisi2
  74 000a CA78     		ldrb	r2, [r1, #3]	@ zero_extendqisi2
  75 000c 03EB0223 		add	r3, r3, r2, lsl #8
  76 0010 4380     		strh	r3, [r0, #2]	@ movhi
  77 0012 0B79     		ldrb	r3, [r1, #4]	@ zero_extendqisi2
  78 0014 4A79     		ldrb	r2, [r1, #5]	@ zero_extendqisi2
  79 0016 03EB0223 		add	r3, r3, r2, lsl #8
  80 001a 8380     		strh	r3, [r0, #4]	@ movhi
  81 001c 8B79     		ldrb	r3, [r1, #6]	@ zero_extendqisi2
  82 001e CA79     		ldrb	r2, [r1, #7]	@ zero_extendqisi2
  83 0020 03EB0223 		add	r3, r3, r2, lsl #8
  84 0024 C380     		strh	r3, [r0, #6]	@ movhi
  85 0026 7047     		bx	lr
  87              		.section	.text.USBD_CtlError,"ax",%progbits
  88              		.align	1
  89              		.global	USBD_CtlError
  90              		.syntax unified
  91              		.thumb
  92              		.thumb_func
  94              	USBD_CtlError:
  95              		@ args = 0, pretend = 0, frame = 0
  96              		@ frame_needed = 0, uses_anonymous_args = 0
  97 0000 10B5     		push	{r4, lr}
  98 0002 0446     		mov	r4, r0
  99 0004 8021     		movs	r1, #128
 100 0006 FFF7FEFF 		bl	USBD_LL_StallEP
 101 000a 0021     		movs	r1, #0
 102 000c 2046     		mov	r0, r4
 103 000e FFF7FEFF 		bl	USBD_LL_StallEP
 104 0012 10BD     		pop	{r4, pc}
 106              		.section	.text.USBD_GetDescriptor,"ax",%progbits
 107              		.align	1
 108              		.syntax unified
 109              		.thumb
 110              		.thumb_func
 112              	USBD_GetDescriptor:
 113              		@ args = 0, pretend = 0, frame = 8
 114              		@ frame_needed = 0, uses_anonymous_args = 0
 115 0000 30B5     		push	{r4, r5, lr}
 116 0002 83B0     		sub	sp, sp, #12
 117 0004 0546     		mov	r5, r0
 118 0006 0C46     		mov	r4, r1
 119 0008 0023     		movs	r3, #0
 120 000a ADF80630 		strh	r3, [sp, #6]	@ movhi
 121 000e 4A88     		ldrh	r2, [r1, #2]
 122 0010 130A     		lsrs	r3, r2, #8
 123 0012 013B     		subs	r3, r3, #1
ARM GAS  /tmp/cckjZUFF.s 			page 3


 124 0014 062B     		cmp	r3, #6
 125 0016 00F2A480 		bhi	.L12
 126 001a DFE803F0 		tbb	[pc, r3]
 127              	.L14:
 128 001e 04       		.byte	(.L18-.L14)/2
 129 001f 18       		.byte	(.L17-.L14)/2
 130 0020 2C       		.byte	(.L16-.L14)/2
 131 0021 A2       		.byte	(.L12-.L14)/2
 132 0022 A2       		.byte	(.L12-.L14)/2
 133 0023 86       		.byte	(.L15-.L14)/2
 134 0024 93       		.byte	(.L13-.L14)/2
 135 0025 00       		.p2align 1
 136              	.L18:
 137 0026 D0F8B032 		ldr	r3, [r0, #688]
 138 002a 1B68     		ldr	r3, [r3]
 139 002c 0DF10601 		add	r1, sp, #6
 140 0030 007C     		ldrb	r0, [r0, #16]	@ zero_extendqisi2
 141 0032 9847     		blx	r3
 142              	.L19:
 143 0034 BDF80620 		ldrh	r2, [sp, #6]
 144 0038 1AB1     		cbz	r2, .L39
 145 003a E388     		ldrh	r3, [r4, #6]
 146 003c 002B     		cmp	r3, #0
 147 003e 40F09480 		bne	.L42
 148              	.L39:
 149 0042 E388     		ldrh	r3, [r4, #6]
 150 0044 002B     		cmp	r3, #0
 151 0046 00F09A80 		beq	.L43
 152              	.L11:
 153 004a 03B0     		add	sp, sp, #12
 154              		@ sp needed
 155 004c 30BD     		pop	{r4, r5, pc}
 156              	.L17:
 157 004e 037C     		ldrb	r3, [r0, #16]	@ zero_extendqisi2
 158 0050 43B9     		cbnz	r3, .L20
 159 0052 D0F8B432 		ldr	r3, [r0, #692]
 160 0056 9B6A     		ldr	r3, [r3, #40]
 161 0058 0DF10600 		add	r0, sp, #6
 162 005c 9847     		blx	r3
 163 005e 0223     		movs	r3, #2
 164 0060 4370     		strb	r3, [r0, #1]
 165 0062 E7E7     		b	.L19
 166              	.L20:
 167 0064 D0F8B432 		ldr	r3, [r0, #692]
 168 0068 DB6A     		ldr	r3, [r3, #44]
 169 006a 0DF10600 		add	r0, sp, #6
 170 006e 9847     		blx	r3
 171 0070 0223     		movs	r3, #2
 172 0072 4370     		strb	r3, [r0, #1]
 173 0074 DEE7     		b	.L19
 174              	.L16:
 175 0076 D2B2     		uxtb	r2, r2
 176 0078 052A     		cmp	r2, #5
 177 007a 52D8     		bhi	.L21
 178 007c DFE802F0 		tbb	[pc, r2]
 179              	.L23:
 180 0080 03       		.byte	(.L28-.L23)/2
ARM GAS  /tmp/cckjZUFF.s 			page 4


 181 0081 10       		.byte	(.L27-.L23)/2
 182 0082 1D       		.byte	(.L26-.L23)/2
 183 0083 2A       		.byte	(.L25-.L23)/2
 184 0084 37       		.byte	(.L24-.L23)/2
 185 0085 44       		.byte	(.L22-.L23)/2
 186              		.p2align 1
 187              	.L28:
 188 0086 D0F8B032 		ldr	r3, [r0, #688]
 189 008a 5B68     		ldr	r3, [r3, #4]
 190 008c 23B1     		cbz	r3, .L29
 191 008e 0DF10601 		add	r1, sp, #6
 192 0092 007C     		ldrb	r0, [r0, #16]	@ zero_extendqisi2
 193 0094 9847     		blx	r3
 194 0096 CDE7     		b	.L19
 195              	.L29:
 196 0098 2146     		mov	r1, r4
 197 009a FFF7FEFF 		bl	USBD_CtlError
 198 009e D4E7     		b	.L11
 199              	.L27:
 200 00a0 D0F8B032 		ldr	r3, [r0, #688]
 201 00a4 9B68     		ldr	r3, [r3, #8]
 202 00a6 23B1     		cbz	r3, .L31
 203 00a8 0DF10601 		add	r1, sp, #6
 204 00ac 007C     		ldrb	r0, [r0, #16]	@ zero_extendqisi2
 205 00ae 9847     		blx	r3
 206 00b0 C0E7     		b	.L19
 207              	.L31:
 208 00b2 2146     		mov	r1, r4
 209 00b4 FFF7FEFF 		bl	USBD_CtlError
 210 00b8 C7E7     		b	.L11
 211              	.L26:
 212 00ba D0F8B032 		ldr	r3, [r0, #688]
 213 00be DB68     		ldr	r3, [r3, #12]
 214 00c0 23B1     		cbz	r3, .L32
 215 00c2 0DF10601 		add	r1, sp, #6
 216 00c6 007C     		ldrb	r0, [r0, #16]	@ zero_extendqisi2
 217 00c8 9847     		blx	r3
 218 00ca B3E7     		b	.L19
 219              	.L32:
 220 00cc 2146     		mov	r1, r4
 221 00ce FFF7FEFF 		bl	USBD_CtlError
 222 00d2 BAE7     		b	.L11
 223              	.L25:
 224 00d4 D0F8B032 		ldr	r3, [r0, #688]
 225 00d8 1B69     		ldr	r3, [r3, #16]
 226 00da 23B1     		cbz	r3, .L33
 227 00dc 0DF10601 		add	r1, sp, #6
 228 00e0 007C     		ldrb	r0, [r0, #16]	@ zero_extendqisi2
 229 00e2 9847     		blx	r3
 230 00e4 A6E7     		b	.L19
 231              	.L33:
 232 00e6 2146     		mov	r1, r4
 233 00e8 FFF7FEFF 		bl	USBD_CtlError
 234 00ec ADE7     		b	.L11
 235              	.L24:
 236 00ee D0F8B032 		ldr	r3, [r0, #688]
 237 00f2 5B69     		ldr	r3, [r3, #20]
ARM GAS  /tmp/cckjZUFF.s 			page 5


 238 00f4 23B1     		cbz	r3, .L34
 239 00f6 0DF10601 		add	r1, sp, #6
 240 00fa 007C     		ldrb	r0, [r0, #16]	@ zero_extendqisi2
 241 00fc 9847     		blx	r3
 242 00fe 99E7     		b	.L19
 243              	.L34:
 244 0100 2146     		mov	r1, r4
 245 0102 FFF7FEFF 		bl	USBD_CtlError
 246 0106 A0E7     		b	.L11
 247              	.L22:
 248 0108 D0F8B032 		ldr	r3, [r0, #688]
 249 010c 9B69     		ldr	r3, [r3, #24]
 250 010e 23B1     		cbz	r3, .L35
 251 0110 0DF10601 		add	r1, sp, #6
 252 0114 007C     		ldrb	r0, [r0, #16]	@ zero_extendqisi2
 253 0116 9847     		blx	r3
 254 0118 8CE7     		b	.L19
 255              	.L35:
 256 011a 2146     		mov	r1, r4
 257 011c FFF7FEFF 		bl	USBD_CtlError
 258 0120 93E7     		b	.L11
 259              	.L21:
 260 0122 2146     		mov	r1, r4
 261 0124 FFF7FEFF 		bl	USBD_CtlError
 262 0128 8FE7     		b	.L11
 263              	.L15:
 264 012a 037C     		ldrb	r3, [r0, #16]	@ zero_extendqisi2
 265 012c 33B9     		cbnz	r3, .L36
 266 012e D0F8B432 		ldr	r3, [r0, #692]
 267 0132 5B6B     		ldr	r3, [r3, #52]
 268 0134 0DF10600 		add	r0, sp, #6
 269 0138 9847     		blx	r3
 270 013a 7BE7     		b	.L19
 271              	.L36:
 272 013c 2146     		mov	r1, r4
 273 013e FFF7FEFF 		bl	USBD_CtlError
 274 0142 82E7     		b	.L11
 275              	.L13:
 276 0144 037C     		ldrb	r3, [r0, #16]	@ zero_extendqisi2
 277 0146 43B9     		cbnz	r3, .L37
 278 0148 D0F8B432 		ldr	r3, [r0, #692]
 279 014c 1B6B     		ldr	r3, [r3, #48]
 280 014e 0DF10600 		add	r0, sp, #6
 281 0152 9847     		blx	r3
 282 0154 0723     		movs	r3, #7
 283 0156 4370     		strb	r3, [r0, #1]
 284 0158 6CE7     		b	.L19
 285              	.L37:
 286 015a 2146     		mov	r1, r4
 287 015c FFF7FEFF 		bl	USBD_CtlError
 288 0160 73E7     		b	.L11
 289              	.L12:
 290 0162 2146     		mov	r1, r4
 291 0164 FFF7FEFF 		bl	USBD_CtlError
 292 0168 6FE7     		b	.L11
 293              	.L42:
 294 016a 9A42     		cmp	r2, r3
ARM GAS  /tmp/cckjZUFF.s 			page 6


 295 016c 28BF     		it	cs
 296 016e 1A46     		movcs	r2, r3
 297 0170 ADF80620 		strh	r2, [sp, #6]	@ movhi
 298 0174 0146     		mov	r1, r0
 299 0176 2846     		mov	r0, r5
 300 0178 FFF7FEFF 		bl	USBD_CtlSendData
 301 017c 61E7     		b	.L39
 302              	.L43:
 303 017e 2846     		mov	r0, r5
 304 0180 FFF7FEFF 		bl	USBD_CtlSendStatus
 305 0184 61E7     		b	.L11
 307              		.section	.text.USBD_SetAddress,"ax",%progbits
 308              		.align	1
 309              		.syntax unified
 310              		.thumb
 311              		.thumb_func
 313              	USBD_SetAddress:
 314              		@ args = 0, pretend = 0, frame = 0
 315              		@ frame_needed = 0, uses_anonymous_args = 0
 316 0000 38B5     		push	{r3, r4, r5, lr}
 317 0002 0446     		mov	r4, r0
 318 0004 8B88     		ldrh	r3, [r1, #4]
 319 0006 F3B9     		cbnz	r3, .L45
 320 0008 CB88     		ldrh	r3, [r1, #6]
 321 000a E3B9     		cbnz	r3, .L45
 322 000c 4B88     		ldrh	r3, [r1, #2]
 323 000e 7F2B     		cmp	r3, #127
 324 0010 19D8     		bhi	.L45
 325 0012 03F07F05 		and	r5, r3, #127
 326 0016 90F89C32 		ldrb	r3, [r0, #668]	@ zero_extendqisi2
 327 001a 032B     		cmp	r3, #3
 328 001c 0CD0     		beq	.L50
 329 001e 80F89E52 		strb	r5, [r0, #670]
 330 0022 2946     		mov	r1, r5
 331 0024 FFF7FEFF 		bl	USBD_LL_SetUSBAddress
 332 0028 2046     		mov	r0, r4
 333 002a FFF7FEFF 		bl	USBD_CtlSendStatus
 334 002e 35B1     		cbz	r5, .L48
 335 0030 0223     		movs	r3, #2
 336 0032 84F89C32 		strb	r3, [r4, #668]
 337 0036 09E0     		b	.L44
 338              	.L50:
 339 0038 FFF7FEFF 		bl	USBD_CtlError
 340 003c 06E0     		b	.L44
 341              	.L48:
 342 003e 0123     		movs	r3, #1
 343 0040 84F89C32 		strb	r3, [r4, #668]
 344 0044 02E0     		b	.L44
 345              	.L45:
 346 0046 2046     		mov	r0, r4
 347 0048 FFF7FEFF 		bl	USBD_CtlError
 348              	.L44:
 349 004c 38BD     		pop	{r3, r4, r5, pc}
 351              		.section	.text.USBD_SetConfig,"ax",%progbits
 352              		.align	1
 353              		.syntax unified
 354              		.thumb
ARM GAS  /tmp/cckjZUFF.s 			page 7


 355              		.thumb_func
 357              	USBD_SetConfig:
 358              		@ args = 0, pretend = 0, frame = 0
 359              		@ frame_needed = 0, uses_anonymous_args = 0
 360 0000 38B5     		push	{r3, r4, r5, lr}
 361 0002 0446     		mov	r4, r0
 362 0004 0D46     		mov	r5, r1
 363 0006 8978     		ldrb	r1, [r1, #2]	@ zero_extendqisi2
 364 0008 284B     		ldr	r3, .L68
 365 000a 1970     		strb	r1, [r3]
 366 000c 0129     		cmp	r1, #1
 367 000e 0ED8     		bhi	.L64
 368 0010 90F89C32 		ldrb	r3, [r0, #668]	@ zero_extendqisi2
 369 0014 022B     		cmp	r3, #2
 370 0016 0ED0     		beq	.L54
 371 0018 032B     		cmp	r3, #3
 372 001a 21D0     		beq	.L55
 373 001c 2946     		mov	r1, r5
 374 001e FFF7FEFF 		bl	USBD_CtlError
 375 0022 224B     		ldr	r3, .L68
 376 0024 1978     		ldrb	r1, [r3]	@ zero_extendqisi2
 377 0026 2046     		mov	r0, r4
 378 0028 FFF7FEFF 		bl	USBD_ClrClassConfig
 379 002c 02E0     		b	.L51
 380              	.L64:
 381 002e 2946     		mov	r1, r5
 382 0030 FFF7FEFF 		bl	USBD_CtlError
 383              	.L51:
 384 0034 38BD     		pop	{r3, r4, r5, pc}
 385              	.L54:
 386 0036 81B1     		cbz	r1, .L57
 387 0038 4160     		str	r1, [r0, #4]
 388 003a 0323     		movs	r3, #3
 389 003c 80F89C32 		strb	r3, [r0, #668]
 390 0040 FFF7FEFF 		bl	USBD_SetClassConfig
 391 0044 0228     		cmp	r0, #2
 392 0046 03D0     		beq	.L65
 393 0048 2046     		mov	r0, r4
 394 004a FFF7FEFF 		bl	USBD_CtlSendStatus
 395 004e F1E7     		b	.L51
 396              	.L65:
 397 0050 2946     		mov	r1, r5
 398 0052 2046     		mov	r0, r4
 399 0054 FFF7FEFF 		bl	USBD_CtlError
 400 0058 ECE7     		b	.L51
 401              	.L57:
 402 005a FFF7FEFF 		bl	USBD_CtlSendStatus
 403 005e E9E7     		b	.L51
 404              	.L55:
 405 0060 89B1     		cbz	r1, .L66
 406 0062 4368     		ldr	r3, [r0, #4]
 407 0064 9942     		cmp	r1, r3
 408 0066 1DD0     		beq	.L60
 409 0068 D9B2     		uxtb	r1, r3
 410 006a FFF7FEFF 		bl	USBD_ClrClassConfig
 411 006e 0F4B     		ldr	r3, .L68
 412 0070 1978     		ldrb	r1, [r3]	@ zero_extendqisi2
ARM GAS  /tmp/cckjZUFF.s 			page 8


 413 0072 6160     		str	r1, [r4, #4]
 414 0074 2046     		mov	r0, r4
 415 0076 FFF7FEFF 		bl	USBD_SetClassConfig
 416 007a 0228     		cmp	r0, #2
 417 007c 0DD0     		beq	.L67
 418 007e 2046     		mov	r0, r4
 419 0080 FFF7FEFF 		bl	USBD_CtlSendStatus
 420 0084 D6E7     		b	.L51
 421              	.L66:
 422 0086 0223     		movs	r3, #2
 423 0088 80F89C32 		strb	r3, [r0, #668]
 424 008c 4160     		str	r1, [r0, #4]
 425 008e FFF7FEFF 		bl	USBD_ClrClassConfig
 426 0092 2046     		mov	r0, r4
 427 0094 FFF7FEFF 		bl	USBD_CtlSendStatus
 428 0098 CCE7     		b	.L51
 429              	.L67:
 430 009a 2946     		mov	r1, r5
 431 009c 2046     		mov	r0, r4
 432 009e FFF7FEFF 		bl	USBD_CtlError
 433 00a2 C7E7     		b	.L51
 434              	.L60:
 435 00a4 FFF7FEFF 		bl	USBD_CtlSendStatus
 436 00a8 C4E7     		b	.L51
 437              	.L69:
 438 00aa 00BF     		.align	2
 439              	.L68:
 440 00ac 00000000 		.word	cfgidx.0
 442              		.section	.text.USBD_GetConfig,"ax",%progbits
 443              		.align	1
 444              		.syntax unified
 445              		.thumb
 446              		.thumb_func
 448              	USBD_GetConfig:
 449              		@ args = 0, pretend = 0, frame = 0
 450              		@ frame_needed = 0, uses_anonymous_args = 0
 451 0000 08B5     		push	{r3, lr}
 452 0002 CB88     		ldrh	r3, [r1, #6]
 453 0004 012B     		cmp	r3, #1
 454 0006 0AD1     		bne	.L78
 455 0008 90F89C32 		ldrb	r3, [r0, #668]	@ zero_extendqisi2
 456 000c 022B     		cmp	r3, #2
 457 000e 09D9     		bls	.L79
 458 0010 032B     		cmp	r3, #3
 459 0012 11D1     		bne	.L75
 460 0014 0122     		movs	r2, #1
 461 0016 011D     		adds	r1, r0, #4
 462 0018 FFF7FEFF 		bl	USBD_CtlSendData
 463 001c 01E0     		b	.L70
 464              	.L78:
 465 001e FFF7FEFF 		bl	USBD_CtlError
 466              	.L70:
 467 0022 08BD     		pop	{r3, pc}
 468              	.L79:
 469 0024 5BB2     		sxtb	r3, r3
 470 0026 3BB1     		cbz	r3, .L75
 471 0028 0146     		mov	r1, r0
ARM GAS  /tmp/cckjZUFF.s 			page 9


 472 002a 0023     		movs	r3, #0
 473 002c 41F8083F 		str	r3, [r1, #8]!
 474 0030 0122     		movs	r2, #1
 475 0032 FFF7FEFF 		bl	USBD_CtlSendData
 476 0036 F4E7     		b	.L70
 477              	.L75:
 478 0038 FFF7FEFF 		bl	USBD_CtlError
 479 003c F1E7     		b	.L70
 481              		.section	.text.USBD_GetStatus,"ax",%progbits
 482              		.align	1
 483              		.syntax unified
 484              		.thumb
 485              		.thumb_func
 487              	USBD_GetStatus:
 488              		@ args = 0, pretend = 0, frame = 0
 489              		@ frame_needed = 0, uses_anonymous_args = 0
 490 0000 08B5     		push	{r3, lr}
 491 0002 90F89C32 		ldrb	r3, [r0, #668]	@ zero_extendqisi2
 492 0006 013B     		subs	r3, r3, #1
 493 0008 022B     		cmp	r3, #2
 494 000a 12D8     		bhi	.L81
 495 000c CB88     		ldrh	r3, [r1, #6]
 496 000e 022B     		cmp	r3, #2
 497 0010 0CD1     		bne	.L86
 498 0012 0023     		movs	r3, #0
 499 0014 C360     		str	r3, [r0, #12]
 500 0016 D0F8A432 		ldr	r3, [r0, #676]
 501 001a 0BB1     		cbz	r3, .L84
 502 001c 0223     		movs	r3, #2
 503 001e C360     		str	r3, [r0, #12]
 504              	.L84:
 505 0020 0222     		movs	r2, #2
 506 0022 00F10C01 		add	r1, r0, #12
 507 0026 FFF7FEFF 		bl	USBD_CtlSendData
 508              	.L80:
 509 002a 08BD     		pop	{r3, pc}
 510              	.L86:
 511 002c FFF7FEFF 		bl	USBD_CtlError
 512 0030 FBE7     		b	.L80
 513              	.L81:
 514 0032 FFF7FEFF 		bl	USBD_CtlError
 515 0036 F8E7     		b	.L80
 517              		.section	.text.USBD_ClrFeature,"ax",%progbits
 518              		.align	1
 519              		.syntax unified
 520              		.thumb
 521              		.thumb_func
 523              	USBD_ClrFeature:
 524              		@ args = 0, pretend = 0, frame = 0
 525              		@ frame_needed = 0, uses_anonymous_args = 0
 526 0000 08B5     		push	{r3, lr}
 527 0002 90F89C32 		ldrb	r3, [r0, #668]	@ zero_extendqisi2
 528 0006 013B     		subs	r3, r3, #1
 529 0008 022B     		cmp	r3, #2
 530 000a 09D8     		bhi	.L88
 531 000c 4B88     		ldrh	r3, [r1, #2]
 532 000e 012B     		cmp	r3, #1
ARM GAS  /tmp/cckjZUFF.s 			page 10


 533 0010 00D0     		beq	.L91
 534              	.L87:
 535 0012 08BD     		pop	{r3, pc}
 536              	.L91:
 537 0014 0023     		movs	r3, #0
 538 0016 C0F8A432 		str	r3, [r0, #676]
 539 001a FFF7FEFF 		bl	USBD_CtlSendStatus
 540 001e F8E7     		b	.L87
 541              	.L88:
 542 0020 FFF7FEFF 		bl	USBD_CtlError
 543 0024 F5E7     		b	.L87
 545              		.section	.text.USBD_StdDevReq,"ax",%progbits
 546              		.align	1
 547              		.global	USBD_StdDevReq
 548              		.syntax unified
 549              		.thumb
 550              		.thumb_func
 552              	USBD_StdDevReq:
 553              		@ args = 0, pretend = 0, frame = 0
 554              		@ frame_needed = 0, uses_anonymous_args = 0
 555 0000 08B5     		push	{r3, lr}
 556 0002 0B78     		ldrb	r3, [r1]	@ zero_extendqisi2
 557 0004 03F06003 		and	r3, r3, #96
 558 0008 202B     		cmp	r3, #32
 559 000a 05D0     		beq	.L93
 560 000c 402B     		cmp	r3, #64
 561 000e 03D0     		beq	.L93
 562 0010 43B1     		cbz	r3, .L94
 563 0012 FFF7FEFF 		bl	USBD_CtlError
 564 0016 03E0     		b	.L96
 565              	.L93:
 566 0018 D0F8B432 		ldr	r3, [r0, #692]
 567 001c 9B68     		ldr	r3, [r3, #8]
 568 001e 9847     		blx	r3
 569              	.L96:
 570 0020 0020     		movs	r0, #0
 571 0022 08BD     		pop	{r3, pc}
 572              	.L94:
 573 0024 4B78     		ldrb	r3, [r1, #1]	@ zero_extendqisi2
 574 0026 092B     		cmp	r3, #9
 575 0028 1BD8     		bhi	.L97
 576 002a DFE803F0 		tbb	[pc, r3]
 577              	.L99:
 578 002e 11       		.byte	(.L105-.L99)/2
 579 002f 17       		.byte	(.L104-.L99)/2
 580 0030 1A       		.byte	(.L97-.L99)/2
 581 0031 14       		.byte	(.L103-.L99)/2
 582 0032 1A       		.byte	(.L97-.L99)/2
 583 0033 08       		.byte	(.L102-.L99)/2
 584 0034 05       		.byte	(.L101-.L99)/2
 585 0035 1A       		.byte	(.L97-.L99)/2
 586 0036 0E       		.byte	(.L100-.L99)/2
 587 0037 0B       		.byte	(.L98-.L99)/2
 588              		.p2align 1
 589              	.L101:
 590 0038 FFF7FEFF 		bl	USBD_GetDescriptor
 591 003c F0E7     		b	.L96
ARM GAS  /tmp/cckjZUFF.s 			page 11


 592              	.L102:
 593 003e FFF7FEFF 		bl	USBD_SetAddress
 594 0042 EDE7     		b	.L96
 595              	.L98:
 596 0044 FFF7FEFF 		bl	USBD_SetConfig
 597 0048 EAE7     		b	.L96
 598              	.L100:
 599 004a FFF7FEFF 		bl	USBD_GetConfig
 600 004e E7E7     		b	.L96
 601              	.L105:
 602 0050 FFF7FEFF 		bl	USBD_GetStatus
 603 0054 E4E7     		b	.L96
 604              	.L103:
 605 0056 FFF7FEFF 		bl	USBD_SetFeature
 606 005a E1E7     		b	.L96
 607              	.L104:
 608 005c FFF7FEFF 		bl	USBD_ClrFeature
 609 0060 DEE7     		b	.L96
 610              	.L97:
 611 0062 FFF7FEFF 		bl	USBD_CtlError
 612 0066 DBE7     		b	.L96
 614              		.section	.text.USBD_StdItfReq,"ax",%progbits
 615              		.align	1
 616              		.global	USBD_StdItfReq
 617              		.syntax unified
 618              		.thumb
 619              		.thumb_func
 621              	USBD_StdItfReq:
 622              		@ args = 0, pretend = 0, frame = 0
 623              		@ frame_needed = 0, uses_anonymous_args = 0
 624 0000 38B5     		push	{r3, r4, r5, lr}
 625 0002 0546     		mov	r5, r0
 626 0004 0C46     		mov	r4, r1
 627 0006 0B78     		ldrb	r3, [r1]	@ zero_extendqisi2
 628 0008 03F06003 		and	r3, r3, #96
 629 000c 202B     		cmp	r3, #32
 630 000e 06D0     		beq	.L109
 631 0010 402B     		cmp	r3, #64
 632 0012 04D0     		beq	.L109
 633 0014 1BB1     		cbz	r3, .L109
 634 0016 FFF7FEFF 		bl	USBD_CtlError
 635              	.L113:
 636 001a 0020     		movs	r0, #0
 637 001c 38BD     		pop	{r3, r4, r5, pc}
 638              	.L109:
 639 001e 95F89C32 		ldrb	r3, [r5, #668]	@ zero_extendqisi2
 640 0022 013B     		subs	r3, r3, #1
 641 0024 022B     		cmp	r3, #2
 642 0026 16D8     		bhi	.L111
 643 0028 2379     		ldrb	r3, [r4, #4]	@ zero_extendqisi2
 644 002a 012B     		cmp	r3, #1
 645 002c 0ED8     		bhi	.L112
 646 002e D5F8B432 		ldr	r3, [r5, #692]
 647 0032 9B68     		ldr	r3, [r3, #8]
 648 0034 2146     		mov	r1, r4
 649 0036 2846     		mov	r0, r5
 650 0038 9847     		blx	r3
ARM GAS  /tmp/cckjZUFF.s 			page 12


 651 003a E388     		ldrh	r3, [r4, #6]
 652 003c 002B     		cmp	r3, #0
 653 003e ECD1     		bne	.L113
 654 0040 0028     		cmp	r0, #0
 655 0042 EAD1     		bne	.L113
 656 0044 2846     		mov	r0, r5
 657 0046 FFF7FEFF 		bl	USBD_CtlSendStatus
 658 004a E6E7     		b	.L113
 659              	.L112:
 660 004c 2146     		mov	r1, r4
 661 004e 2846     		mov	r0, r5
 662 0050 FFF7FEFF 		bl	USBD_CtlError
 663 0054 E1E7     		b	.L113
 664              	.L111:
 665 0056 2146     		mov	r1, r4
 666 0058 2846     		mov	r0, r5
 667 005a FFF7FEFF 		bl	USBD_CtlError
 668 005e DCE7     		b	.L113
 670              		.section	.text.USBD_StdEPReq,"ax",%progbits
 671              		.align	1
 672              		.global	USBD_StdEPReq
 673              		.syntax unified
 674              		.thumb
 675              		.thumb_func
 677              	USBD_StdEPReq:
 678              		@ args = 0, pretend = 0, frame = 0
 679              		@ frame_needed = 0, uses_anonymous_args = 0
 680 0000 70B5     		push	{r4, r5, r6, lr}
 681 0002 0546     		mov	r5, r0
 682 0004 8B88     		ldrh	r3, [r1, #4]
 683 0006 0C78     		ldrb	r4, [r1]	@ zero_extendqisi2
 684 0008 04F06004 		and	r4, r4, #96
 685 000c 202C     		cmp	r4, #32
 686 000e 07D0     		beq	.L116
 687 0010 DAB2     		uxtb	r2, r3
 688 0012 402C     		cmp	r4, #64
 689 0014 04D0     		beq	.L116
 690 0016 5CB1     		cbz	r4, .L117
 691 0018 FFF7FEFF 		bl	USBD_CtlError
 692 001c 0024     		movs	r4, #0
 693 001e 05E0     		b	.L119
 694              	.L116:
 695 0020 D5F8B432 		ldr	r3, [r5, #692]
 696 0024 9B68     		ldr	r3, [r3, #8]
 697 0026 2846     		mov	r0, r5
 698 0028 9847     		blx	r3
 699 002a 0024     		movs	r4, #0
 700              	.L119:
 701 002c 2046     		mov	r0, r4
 702 002e 70BD     		pop	{r4, r5, r6, pc}
 703              	.L117:
 704 0030 202C     		cmp	r4, #32
 705 0032 09D0     		beq	.L155
 706 0034 4E78     		ldrb	r6, [r1, #1]	@ zero_extendqisi2
 707 0036 012E     		cmp	r6, #1
 708 0038 33D0     		beq	.L121
 709 003a 032E     		cmp	r6, #3
ARM GAS  /tmp/cckjZUFF.s 			page 13


 710 003c 0AD0     		beq	.L122
 711 003e 002E     		cmp	r6, #0
 712 0040 55D0     		beq	.L123
 713 0042 FFF7FEFF 		bl	USBD_CtlError
 714 0046 F1E7     		b	.L119
 715              	.L155:
 716 0048 D0F8B432 		ldr	r3, [r0, #692]
 717 004c 9B68     		ldr	r3, [r3, #8]
 718 004e 9847     		blx	r3
 719 0050 0446     		mov	r4, r0
 720 0052 EBE7     		b	.L119
 721              	.L122:
 722 0054 90F89C32 		ldrb	r3, [r0, #668]	@ zero_extendqisi2
 723 0058 022B     		cmp	r3, #2
 724 005a 04D0     		beq	.L125
 725 005c 032B     		cmp	r3, #3
 726 005e 11D0     		beq	.L126
 727 0060 FFF7FEFF 		bl	USBD_CtlError
 728 0064 E2E7     		b	.L119
 729              	.L125:
 730 0066 0AB1     		cbz	r2, .L128
 731 0068 802A     		cmp	r2, #128
 732 006a 03D1     		bne	.L156
 733              	.L128:
 734 006c 2846     		mov	r0, r5
 735 006e FFF7FEFF 		bl	USBD_CtlError
 736 0072 DBE7     		b	.L119
 737              	.L156:
 738 0074 1146     		mov	r1, r2
 739 0076 FFF7FEFF 		bl	USBD_LL_StallEP
 740 007a 8021     		movs	r1, #128
 741 007c 2846     		mov	r0, r5
 742 007e FFF7FEFF 		bl	USBD_LL_StallEP
 743 0082 D3E7     		b	.L119
 744              	.L126:
 745 0084 4B88     		ldrh	r3, [r1, #2]
 746 0086 23B9     		cbnz	r3, .L129
 747 0088 1AB1     		cbz	r2, .L129
 748 008a 802A     		cmp	r2, #128
 749 008c 01D0     		beq	.L129
 750 008e CB88     		ldrh	r3, [r1, #6]
 751 0090 1BB1     		cbz	r3, .L157
 752              	.L129:
 753 0092 2846     		mov	r0, r5
 754 0094 FFF7FEFF 		bl	USBD_CtlSendStatus
 755 0098 C8E7     		b	.L119
 756              	.L157:
 757 009a 1146     		mov	r1, r2
 758 009c FFF7FEFF 		bl	USBD_LL_StallEP
 759 00a0 F7E7     		b	.L129
 760              	.L121:
 761 00a2 90F89C32 		ldrb	r3, [r0, #668]	@ zero_extendqisi2
 762 00a6 022B     		cmp	r3, #2
 763 00a8 04D0     		beq	.L130
 764 00aa 032B     		cmp	r3, #3
 765 00ac 11D0     		beq	.L131
 766 00ae FFF7FEFF 		bl	USBD_CtlError
ARM GAS  /tmp/cckjZUFF.s 			page 14


 767 00b2 BBE7     		b	.L119
 768              	.L130:
 769 00b4 0AB1     		cbz	r2, .L133
 770 00b6 802A     		cmp	r2, #128
 771 00b8 03D1     		bne	.L158
 772              	.L133:
 773 00ba 2846     		mov	r0, r5
 774 00bc FFF7FEFF 		bl	USBD_CtlError
 775 00c0 B4E7     		b	.L119
 776              	.L158:
 777 00c2 1146     		mov	r1, r2
 778 00c4 FFF7FEFF 		bl	USBD_LL_StallEP
 779 00c8 8021     		movs	r1, #128
 780 00ca 2846     		mov	r0, r5
 781 00cc FFF7FEFF 		bl	USBD_LL_StallEP
 782 00d0 ACE7     		b	.L119
 783              	.L131:
 784 00d2 4B88     		ldrh	r3, [r1, #2]
 785 00d4 002B     		cmp	r3, #0
 786 00d6 A9D1     		bne	.L119
 787 00d8 12F07F0F 		tst	r2, #127
 788 00dc 03D1     		bne	.L159
 789              	.L134:
 790 00de 2846     		mov	r0, r5
 791 00e0 FFF7FEFF 		bl	USBD_CtlSendStatus
 792 00e4 A2E7     		b	.L119
 793              	.L159:
 794 00e6 1146     		mov	r1, r2
 795 00e8 FFF7FEFF 		bl	USBD_LL_ClearStallEP
 796 00ec F7E7     		b	.L134
 797              	.L123:
 798 00ee 90F89C02 		ldrb	r0, [r0, #668]	@ zero_extendqisi2
 799 00f2 0228     		cmp	r0, #2
 800 00f4 06D0     		beq	.L135
 801 00f6 0328     		cmp	r0, #3
 802 00f8 29D0     		beq	.L136
 803 00fa 2846     		mov	r0, r5
 804 00fc FFF7FEFF 		bl	USBD_CtlError
 805 0100 3446     		mov	r4, r6
 806 0102 93E7     		b	.L119
 807              	.L135:
 808 0104 0AB1     		cbz	r2, .L138
 809 0106 802A     		cmp	r2, #128
 810 0108 13D1     		bne	.L160
 811              	.L138:
 812 010a 13F0800F 		tst	r3, #128
 813 010e 15D1     		bne	.L161
 814 0110 02F07F02 		and	r2, r2, #127
 815 0114 02EB8202 		add	r2, r2, r2, lsl #2
 816 0118 9100     		lsls	r1, r2, #2
 817 011a 01F5A871 		add	r1, r1, #336
 818 011e 2944     		add	r1, r1, r5
 819 0120 0431     		adds	r1, r1, #4
 820              	.L140:
 821 0122 0023     		movs	r3, #0
 822 0124 0B60     		str	r3, [r1]
 823 0126 0222     		movs	r2, #2
ARM GAS  /tmp/cckjZUFF.s 			page 15


 824 0128 2846     		mov	r0, r5
 825 012a FFF7FEFF 		bl	USBD_CtlSendData
 826 012e 3446     		mov	r4, r6
 827 0130 7CE7     		b	.L119
 828              	.L160:
 829 0132 2846     		mov	r0, r5
 830 0134 FFF7FEFF 		bl	USBD_CtlError
 831 0138 3446     		mov	r4, r6
 832 013a 77E7     		b	.L119
 833              	.L161:
 834 013c 02F07F02 		and	r2, r2, #127
 835 0140 02EB8202 		add	r2, r2, r2, lsl #2
 836 0144 9100     		lsls	r1, r2, #2
 837 0146 1031     		adds	r1, r1, #16
 838 0148 2944     		add	r1, r1, r5
 839 014a 0431     		adds	r1, r1, #4
 840 014c E9E7     		b	.L140
 841              	.L136:
 842 014e 5BB2     		sxtb	r3, r3
 843 0150 002B     		cmp	r3, #0
 844 0152 1FDB     		blt	.L162
 845 0154 02F00F00 		and	r0, r2, #15
 846 0158 00EB8000 		add	r0, r0, r0, lsl #2
 847 015c 05EB8000 		add	r0, r5, r0, lsl #2
 848 0160 D0F85801 		ldr	r0, [r0, #344]
 849 0164 20B3     		cbz	r0, .L163
 850              	.L142:
 851 0166 002B     		cmp	r3, #0
 852 0168 27DB     		blt	.L164
 853 016a 02F07F03 		and	r3, r2, #127
 854 016e 03EB8303 		add	r3, r3, r3, lsl #2
 855 0172 9C00     		lsls	r4, r3, #2
 856 0174 04F5A874 		add	r4, r4, #336
 857 0178 2C44     		add	r4, r4, r5
 858 017a 0434     		adds	r4, r4, #4
 859              	.L144:
 860 017c 0AB1     		cbz	r2, .L145
 861 017e 802A     		cmp	r2, #128
 862 0180 24D1     		bne	.L146
 863              	.L145:
 864 0182 0023     		movs	r3, #0
 865 0184 2360     		str	r3, [r4]
 866              	.L147:
 867 0186 0222     		movs	r2, #2
 868 0188 2146     		mov	r1, r4
 869 018a 2846     		mov	r0, r5
 870 018c FFF7FEFF 		bl	USBD_CtlSendData
 871 0190 3446     		mov	r4, r6
 872 0192 4BE7     		b	.L119
 873              	.L162:
 874 0194 02F00F00 		and	r0, r2, #15
 875 0198 00EB8000 		add	r0, r0, r0, lsl #2
 876 019c 05EB8000 		add	r0, r5, r0, lsl #2
 877 01a0 8069     		ldr	r0, [r0, #24]
 878 01a2 0028     		cmp	r0, #0
 879 01a4 DFD1     		bne	.L142
 880 01a6 2846     		mov	r0, r5
ARM GAS  /tmp/cckjZUFF.s 			page 16


 881 01a8 FFF7FEFF 		bl	USBD_CtlError
 882 01ac 3446     		mov	r4, r6
 883 01ae 3DE7     		b	.L119
 884              	.L163:
 885 01b0 2846     		mov	r0, r5
 886 01b2 FFF7FEFF 		bl	USBD_CtlError
 887 01b6 3446     		mov	r4, r6
 888 01b8 38E7     		b	.L119
 889              	.L164:
 890 01ba 02F07F03 		and	r3, r2, #127
 891 01be 03EB8303 		add	r3, r3, r3, lsl #2
 892 01c2 9C00     		lsls	r4, r3, #2
 893 01c4 1034     		adds	r4, r4, #16
 894 01c6 2C44     		add	r4, r4, r5
 895 01c8 0434     		adds	r4, r4, #4
 896 01ca D7E7     		b	.L144
 897              	.L146:
 898 01cc 1146     		mov	r1, r2
 899 01ce 2846     		mov	r0, r5
 900 01d0 FFF7FEFF 		bl	USBD_LL_IsStallEP
 901 01d4 10B1     		cbz	r0, .L148
 902 01d6 0123     		movs	r3, #1
 903 01d8 2360     		str	r3, [r4]
 904 01da D4E7     		b	.L147
 905              	.L148:
 906 01dc 0023     		movs	r3, #0
 907 01de 2360     		str	r3, [r4]
 908 01e0 D1E7     		b	.L147
 910              		.section	.text.USBD_GetString,"ax",%progbits
 911              		.align	1
 912              		.global	USBD_GetString
 913              		.syntax unified
 914              		.thumb
 915              		.thumb_func
 917              	USBD_GetString:
 918              		@ args = 0, pretend = 0, frame = 0
 919              		@ frame_needed = 0, uses_anonymous_args = 0
 920 0000 D0B1     		cbz	r0, .L170
 921 0002 70B5     		push	{r4, r5, r6, lr}
 922 0004 0D46     		mov	r5, r1
 923 0006 1646     		mov	r6, r2
 924 0008 0446     		mov	r4, r0
 925 000a FFF7FEFF 		bl	USBD_GetLen
 926 000e 431C     		adds	r3, r0, #1
 927 0010 5B00     		lsls	r3, r3, #1
 928 0012 9BB2     		uxth	r3, r3
 929 0014 3380     		strh	r3, [r6]	@ movhi
 930 0016 2B70     		strb	r3, [r5]
 931 0018 0323     		movs	r3, #3
 932 001a 6B70     		strb	r3, [r5, #1]
 933 001c 0223     		movs	r3, #2
 934 001e 07E0     		b	.L167
 935              	.L168:
 936 0020 0134     		adds	r4, r4, #1
 937 0022 5A1C     		adds	r2, r3, #1
 938 0024 D2B2     		uxtb	r2, r2
 939 0026 E854     		strb	r0, [r5, r3]
ARM GAS  /tmp/cckjZUFF.s 			page 17


 940 0028 0233     		adds	r3, r3, #2
 941 002a DBB2     		uxtb	r3, r3
 942 002c 0021     		movs	r1, #0
 943 002e A954     		strb	r1, [r5, r2]
 944              	.L167:
 945 0030 2078     		ldrb	r0, [r4]	@ zero_extendqisi2
 946 0032 0028     		cmp	r0, #0
 947 0034 F4D1     		bne	.L168
 948 0036 70BD     		pop	{r4, r5, r6, pc}
 949              	.L170:
 950 0038 7047     		bx	lr
 952              		.section	.bss.cfgidx.0,"aw",%nobits
 955              	cfgidx.0:
 956 0000 00       		.space	1
 957              		.ident	"GCC: (15:13.3.rel1-1) 13.3.1 20240614"
ARM GAS  /tmp/cckjZUFF.s 			page 18


DEFINED SYMBOLS
                            *ABS*:00000000 usbd_ctlreq.c
     /tmp/cckjZUFF.s:16     .text.USBD_GetLen:00000000 $t
     /tmp/cckjZUFF.s:21     .text.USBD_GetLen:00000000 USBD_GetLen
     /tmp/cckjZUFF.s:39     .text.USBD_SetFeature:00000000 $t
     /tmp/cckjZUFF.s:44     .text.USBD_SetFeature:00000000 USBD_SetFeature
     /tmp/cckjZUFF.s:59     .text.USBD_ParseSetupRequest:00000000 $t
     /tmp/cckjZUFF.s:65     .text.USBD_ParseSetupRequest:00000000 USBD_ParseSetupRequest
     /tmp/cckjZUFF.s:88     .text.USBD_CtlError:00000000 $t
     /tmp/cckjZUFF.s:94     .text.USBD_CtlError:00000000 USBD_CtlError
     /tmp/cckjZUFF.s:107    .text.USBD_GetDescriptor:00000000 $t
     /tmp/cckjZUFF.s:112    .text.USBD_GetDescriptor:00000000 USBD_GetDescriptor
     /tmp/cckjZUFF.s:128    .text.USBD_GetDescriptor:0000001e $d
     /tmp/cckjZUFF.s:180    .text.USBD_GetDescriptor:00000080 $d
     /tmp/cckjZUFF.s:186    .text.USBD_GetDescriptor:00000086 $t
     /tmp/cckjZUFF.s:308    .text.USBD_SetAddress:00000000 $t
     /tmp/cckjZUFF.s:313    .text.USBD_SetAddress:00000000 USBD_SetAddress
     /tmp/cckjZUFF.s:352    .text.USBD_SetConfig:00000000 $t
     /tmp/cckjZUFF.s:357    .text.USBD_SetConfig:00000000 USBD_SetConfig
     /tmp/cckjZUFF.s:440    .text.USBD_SetConfig:000000ac $d
     /tmp/cckjZUFF.s:955    .bss.cfgidx.0:00000000 cfgidx.0
     /tmp/cckjZUFF.s:443    .text.USBD_GetConfig:00000000 $t
     /tmp/cckjZUFF.s:448    .text.USBD_GetConfig:00000000 USBD_GetConfig
     /tmp/cckjZUFF.s:482    .text.USBD_GetStatus:00000000 $t
     /tmp/cckjZUFF.s:487    .text.USBD_GetStatus:00000000 USBD_GetStatus
     /tmp/cckjZUFF.s:518    .text.USBD_ClrFeature:00000000 $t
     /tmp/cckjZUFF.s:523    .text.USBD_ClrFeature:00000000 USBD_ClrFeature
     /tmp/cckjZUFF.s:546    .text.USBD_StdDevReq:00000000 $t
     /tmp/cckjZUFF.s:552    .text.USBD_StdDevReq:00000000 USBD_StdDevReq
     /tmp/cckjZUFF.s:578    .text.USBD_StdDevReq:0000002e $d
     /tmp/cckjZUFF.s:588    .text.USBD_StdDevReq:00000038 $t
     /tmp/cckjZUFF.s:615    .text.USBD_StdItfReq:00000000 $t
     /tmp/cckjZUFF.s:621    .text.USBD_StdItfReq:00000000 USBD_StdItfReq
     /tmp/cckjZUFF.s:671    .text.USBD_StdEPReq:00000000 $t
     /tmp/cckjZUFF.s:677    .text.USBD_StdEPReq:00000000 USBD_StdEPReq
     /tmp/cckjZUFF.s:911    .text.USBD_GetString:00000000 $t
     /tmp/cckjZUFF.s:917    .text.USBD_GetString:00000000 USBD_GetString
     /tmp/cckjZUFF.s:956    .bss.cfgidx.0:00000000 $d
     /tmp/cckjZUFF.s:135    .text.USBD_GetDescriptor:00000025 $d
     /tmp/cckjZUFF.s:135    .text.USBD_GetDescriptor:00000026 $t

UNDEFINED SYMBOLS
USBD_CtlSendStatus
USBD_LL_StallEP
USBD_CtlSendData
USBD_LL_SetUSBAddress
USBD_ClrClassConfig
USBD_SetClassConfig
USBD_LL_ClearStallEP
USBD_LL_IsStallEP
